INFO [Fri Sep 11 14:44:09 CEST 2015]:
start bundle:flex.messaging.opt:3.3.0.22497
INFO [Fri Sep 11 14:44:09 CEST 2015]:
start bundle:org.lucee.commons-httpclient:3.1.0
DEBUG [Fri Sep 11 14:44:09 CEST 2015]:
WIRE: [2.0] osgi.wiring.package; (osgi.wiring.package=javax.crypto) -> [0]
DEBUG [Fri Sep 11 14:44:09 CEST 2015]:
WIRE: [2.0] osgi.wiring.package; (osgi.wiring.package=javax.crypto.spec) -> [0]
DEBUG [Fri Sep 11 14:44:09 CEST 2015]:
WIRE: [2.0] osgi.wiring.package; (osgi.wiring.package=javax.net) -> [0]
DEBUG [Fri Sep 11 14:44:09 CEST 2015]:
WIRE: [2.0] osgi.wiring.package; (osgi.wiring.package=javax.net.ssl) -> [0]
DEBUG [Fri Sep 11 14:44:09 CEST 2015]:
WIRE: [2.0] osgi.wiring.package; (osgi.wiring.package=org.apache.commons.codec) -> [67.0]
DEBUG [Fri Sep 11 14:44:09 CEST 2015]:
WIRE: [2.0] osgi.wiring.package; (osgi.wiring.package=org.apache.commons.codec.binary) -> [67.0]
DEBUG [Fri Sep 11 14:44:09 CEST 2015]:
WIRE: [2.0] osgi.wiring.package; (osgi.wiring.package=org.apache.commons.codec.net) -> [67.0]
DEBUG [Fri Sep 11 14:44:09 CEST 2015]:
WIRE: [2.0] osgi.wiring.package; (osgi.wiring.package=org.apache.commons.logging) -> [60.0]
INFO [Fri Sep 11 14:44:09 CEST 2015]:
start bundle:openamf:1.5.8
INFO [Fri Sep 11 14:44:09 CEST 2015]:
start bundle:sun.jndi.ldapsec:1.2.4
INFO [Fri Sep 11 14:44:09 CEST 2015]:
start bundle:xml.apis:1.3.2
INFO [Fri Sep 11 14:44:09 CEST 2015]:
start bundle:org.apache.pdfbox.jempbox:1.8.9
DEBUG [Fri Sep 11 14:44:09 CEST 2015]:
WIRE: [6.0] osgi.wiring.package; (osgi.wiring.package=javax.xml.parsers) -> [5.0]
DEBUG [Fri Sep 11 14:44:09 CEST 2015]:
WIRE: [6.0] osgi.wiring.package; (osgi.wiring.package=javax.xml.transform) -> [5.0]
DEBUG [Fri Sep 11 14:44:09 CEST 2015]:
WIRE: [6.0] osgi.wiring.package; (osgi.wiring.package=javax.xml.transform.dom) -> [5.0]
DEBUG [Fri Sep 11 14:44:09 CEST 2015]:
WIRE: [6.0] osgi.wiring.package; (osgi.wiring.package=javax.xml.transform.stream) -> [5.0]
DEBUG [Fri Sep 11 14:44:09 CEST 2015]:
WIRE: [6.0] osgi.wiring.package; (osgi.wiring.package=org.w3c.dom) -> [0]
DEBUG [Fri Sep 11 14:44:09 CEST 2015]:
WIRE: [6.0] osgi.wiring.package; (osgi.wiring.package=org.xml.sax) -> [0]
INFO [Fri Sep 11 14:44:09 CEST 2015]:
start bundle:openamf.astranslator:1.5.8
INFO [Fri Sep 11 14:44:09 CEST 2015]:
start bundle:jfreechart:1.0.12
INFO [Fri Sep 11 14:44:09 CEST 2015]:
start bundle:w3c.dom:1.1.0
INFO [Fri Sep 11 14:44:09 CEST 2015]:
start bundle:sun.jndi.ldapbp:1.2.4
INFO [Fri Sep 11 14:44:09 CEST 2015]:
start bundle:apache.ws.axis.ant:1.4.0
INFO [Fri Sep 11 14:44:09 CEST 2015]:
start bundle:apache.xml.xerces:2.11.0
INFO [Fri Sep 11 14:44:09 CEST 2015]:
start bundle:apache.http.components.client:4.5.0.0001L
DEBUG [Fri Sep 11 14:44:09 CEST 2015]:
WIRE: [13.0] osgi.wiring.bundle; (&(osgi.wiring.bundle=apache.http.components.core)(bundle-version>=4.4.1)) -> [45.0]
INFO [Fri Sep 11 14:44:09 CEST 2015]:
start bundle:lowagie.itext:2.1.2.1
INFO [Fri Sep 11 14:44:09 CEST 2015]:
start bundle:org.apache.poi.ooxml:3.8.0
INFO [Fri Sep 11 14:44:09 CEST 2015]:
start bundle:jcifs:1.3.17
INFO [Fri Sep 11 14:44:09 CEST 2015]:
start bundle:org.apache.commons.lang:2.6.0
INFO [Fri Sep 11 14:44:09 CEST 2015]:
start bundle:sun.xml.saaj:1.2.1
INFO [Fri Sep 11 14:44:09 CEST 2015]:
start bundle:jffmpeg:1.4.2.09
INFO [Fri Sep 11 14:44:09 CEST 2015]:
start bundle:org.apache.commons.discovery:0.5.0
DEBUG [Fri Sep 11 14:44:09 CEST 2015]:
WIRE: [20.0] osgi.wiring.package; (osgi.wiring.package=org.apache.commons.logging) -> [60.0]
INFO [Fri Sep 11 14:44:09 CEST 2015]:
start bundle:sun.security.jaas:1.2.4
INFO [Fri Sep 11 14:44:09 CEST 2015]:
start bundle:jfreechart.patch:1.0.12
INFO [Fri Sep 11 14:44:09 CEST 2015]:
start bundle:flex.messaging.remoting:3.3.0.22497
INFO [Fri Sep 11 14:44:09 CEST 2015]:
start bundle:resolver:1.2.0
INFO [Fri Sep 11 14:44:09 CEST 2015]:
start bundle:org.apache.commons.logging.adapters:1.1.1
INFO [Fri Sep 11 14:44:09 CEST 2015]:
start bundle:org.apache.commons.collections4:4.0.0
DEBUG [Fri Sep 11 14:44:09 CEST 2015]:
WIRE: [26.0] osgi.wiring.package; (osgi.wiring.package=org.w3c.dom) -> [0]
INFO [Fri Sep 11 14:44:09 CEST 2015]:
start bundle:org.apache.poi:3.8.0
INFO [Fri Sep 11 14:44:09 CEST 2015]:
start bundle:sun.jai.codec:1.1.2
INFO [Fri Sep 11 14:44:09 CEST 2015]:
start bundle:jpedal.gpl:3.51.12
INFO [Fri Sep 11 14:44:09 CEST 2015]:
start bundle:tagsoup:1.2.1
INFO [Fri Sep 11 14:44:09 CEST 2015]:
start bundle:net.sf.ehcache:2.10.0
DEBUG [Fri Sep 11 14:44:09 CEST 2015]:
WIRE: [31.0] osgi.wiring.package; (osgi.wiring.package=javax.activation) -> [71.0]
DEBUG [Fri Sep 11 14:44:09 CEST 2015]:
WIRE: [31.0] osgi.wiring.package; (osgi.wiring.package=javax.management) -> [0]
DEBUG [Fri Sep 11 14:44:09 CEST 2015]:
WIRE: [31.0] osgi.wiring.package; (osgi.wiring.package=javax.management.openmbean) -> [0]
DEBUG [Fri Sep 11 14:44:09 CEST 2015]:
WIRE: [31.0] osgi.wiring.package; (osgi.wiring.package=javax.naming) -> [0]
DEBUG [Fri Sep 11 14:44:09 CEST 2015]:
WIRE: [31.0] osgi.wiring.package; (osgi.wiring.package=javax.net.ssl) -> [0]
DEBUG [Fri Sep 11 14:44:09 CEST 2015]:
WIRE: [31.0] osgi.wiring.package; (osgi.wiring.package=javax.swing.event) -> [0]
DEBUG [Fri Sep 11 14:44:09 CEST 2015]:
WIRE: [31.0] osgi.wiring.package; (osgi.wiring.package=javax.transaction.xa) -> [0]
DEBUG [Fri Sep 11 14:44:09 CEST 2015]:
WIRE: [31.0] osgi.wiring.package; (osgi.wiring.package=javax.xml.datatype) -> [5.0]
DEBUG [Fri Sep 11 14:44:09 CEST 2015]:
WIRE: [31.0] osgi.wiring.package; (osgi.wiring.package=javax.xml.namespace) -> [5.0]
DEBUG [Fri Sep 11 14:44:09 CEST 2015]:
WIRE: [31.0] osgi.wiring.package; (osgi.wiring.package=javax.xml.parsers) -> [5.0]
DEBUG [Fri Sep 11 14:44:09 CEST 2015]:
WIRE: [31.0] osgi.wiring.package; (osgi.wiring.package=javax.xml.stream) -> [34.0]
DEBUG [Fri Sep 11 14:44:09 CEST 2015]:
WIRE: [31.0] osgi.wiring.package; (osgi.wiring.package=javax.xml.transform.dom) -> [5.0]
DEBUG [Fri Sep 11 14:44:09 CEST 2015]:
WIRE: [31.0] osgi.wiring.package; (osgi.wiring.package=javax.xml.transform.sax) -> [5.0]
DEBUG [Fri Sep 11 14:44:09 CEST 2015]:
WIRE: [31.0] osgi.wiring.package; (osgi.wiring.package=javax.xml.transform.stream) -> [5.0]
DEBUG [Fri Sep 11 14:44:09 CEST 2015]:
WIRE: [31.0] osgi.wiring.package; (&(osgi.wiring.package=org.slf4j)(version>=1.7.0)(!(version>=2.0.0))) -> [76.0]
DEBUG [Fri Sep 11 14:44:09 CEST 2015]:
WIRE: [31.0] osgi.wiring.package; (osgi.wiring.package=org.xml.sax) -> [0]
DEBUG [Fri Sep 11 14:44:09 CEST 2015]:
WIRE: [31.0] osgi.wiring.package; (osgi.wiring.package=org.xml.sax.helpers) -> [0]
DEBUG [Fri Sep 11 14:44:09 CEST 2015]:
FRAGMENT WIRE: [86.0] osgi.wiring.host; (&(osgi.wiring.host=slf4j.api)(bundle-version>=0.0.0)) -> [76.0]
INFO [Fri Sep 11 14:44:09 CEST 2015]:
start bundle:apache.ws.axis:1.4.0.L004
DEBUG [Fri Sep 11 14:44:09 CEST 2015]:
WIRE: [32.0] osgi.wiring.bundle; (&(osgi.wiring.bundle=sun.xml.wsdl4j)(bundle-version>=1.5.1)) -> [43.0]
DEBUG [Fri Sep 11 14:44:09 CEST 2015]:
WIRE: [32.0] osgi.wiring.bundle; (&(osgi.wiring.bundle=org.apache.commons.net)(bundle-version>=3.3.0)) -> [46.0]
DEBUG [Fri Sep 11 14:44:09 CEST 2015]:
WIRE: [32.0] osgi.wiring.bundle; (&(osgi.wiring.bundle=org.apache.commons.logging)(bundle-version>=1.1.1)) -> [60.0]
DEBUG [Fri Sep 11 14:44:09 CEST 2015]:
WIRE: [32.0] osgi.wiring.bundle; (&(osgi.wiring.bundle=sun.xml.jaxrpc)(bundle-version>=1.2.1)) -> [77.0]
DEBUG [Fri Sep 11 14:44:09 CEST 2015]:
WIRE: [32.0] osgi.wiring.bundle; (&(osgi.wiring.bundle=org.lucee.commons-httpclient)(bundle-version>=3.1.0)) -> [2.0]
DEBUG [Fri Sep 11 14:44:09 CEST 2015]:
WIRE: [32.0] osgi.wiring.bundle; (&(osgi.wiring.bundle=org.apache.commons.discovery)(bundle-version>=0.4.0)) -> [20.0]
DEBUG [Fri Sep 11 14:44:09 CEST 2015]:
WIRE: [46.0] osgi.wiring.package; (osgi.wiring.package=javax.crypto) -> [0]
DEBUG [Fri Sep 11 14:44:09 CEST 2015]:
WIRE: [46.0] osgi.wiring.package; (osgi.wiring.package=javax.crypto.spec) -> [0]
DEBUG [Fri Sep 11 14:44:09 CEST 2015]:
WIRE: [46.0] osgi.wiring.package; (osgi.wiring.package=javax.net) -> [0]
DEBUG [Fri Sep 11 14:44:09 CEST 2015]:
WIRE: [46.0] osgi.wiring.package; (osgi.wiring.package=javax.net.ssl) -> [0]
INFO [Fri Sep 11 14:44:09 CEST 2015]:
start bundle:apache.xml.xalan:2.7.1
DEBUG [Fri Sep 11 14:44:09 CEST 2015]:
WIRE: [33.0] osgi.wiring.bundle; (&(osgi.wiring.bundle=serializer)(bundle-version>=2.7.1)) -> [54.0]
INFO [Fri Sep 11 14:44:09 CEST 2015]:
start bundle:stax.api:1.0.1
INFO [Fri Sep 11 14:44:09 CEST 2015]:
start bundle:apache.poi.tm.extractors:3.8.0
INFO [Fri Sep 11 14:44:09 CEST 2015]:
start bundle:jmimemagic:0.1.2
INFO [Fri Sep 11 14:44:09 CEST 2015]:
start bundle:javasysmon:0.3.3
INFO [Fri Sep 11 14:44:09 CEST 2015]:
start bundle:sun.jndi.providerutil:1.2.4
INFO [Fri Sep 11 14:44:09 CEST 2015]:
start bundle:ss.css2:0.9.4
INFO [Fri Sep 11 14:44:09 CEST 2015]:
start bundle:apache.http.components.mime:4.5.0
DEBUG [Fri Sep 11 14:44:09 CEST 2015]:
WIRE: [40.0] osgi.wiring.bundle; (&(osgi.wiring.bundle=apache.http.components.core)(bundle-version>=4.4.1)) -> [45.0]
INFO [Fri Sep 11 14:44:09 CEST 2015]:
start bundle:PDFRenderer:1.0.5
INFO [Fri Sep 11 14:44:09 CEST 2015]:
start bundle:org.apache.commons.email:1.2.0
DEBUG [Fri Sep 11 14:44:09 CEST 2015]:
WIRE: [42.0] osgi.wiring.package; (osgi.wiring.package=javax.activation) -> [71.0]
DEBUG [Fri Sep 11 14:44:09 CEST 2015]:
WIRE: [42.0] osgi.wiring.package; (osgi.wiring.package=javax.mail) -> [55.0]
DEBUG [Fri Sep 11 14:44:09 CEST 2015]:
WIRE: [42.0] osgi.wiring.package; (osgi.wiring.package=javax.mail.internet) -> [55.0]
DEBUG [Fri Sep 11 14:44:09 CEST 2015]:
WIRE: [42.0] osgi.wiring.package; (osgi.wiring.package=javax.naming) -> [0]
INFO [Fri Sep 11 14:44:09 CEST 2015]:
start bundle:sun.xml.wsdl4j:1.5.1
INFO [Fri Sep 11 14:44:09 CEST 2015]:
start bundle:bcprov.jdk14:1.36.0
INFO [Fri Sep 11 14:44:09 CEST 2015]:
start bundle:apache.http.components.core:4.4.1
INFO [Fri Sep 11 14:44:09 CEST 2015]:
start bundle:org.apache.commons.net:3.3.0
INFO [Fri Sep 11 14:44:09 CEST 2015]:
start bundle:org.apache.oro:2.0.8
INFO [Fri Sep 11 14:44:09 CEST 2015]:
start bundle:org.apache.commons.fileupload:1.2.1
DEBUG [Fri Sep 11 14:44:09 CEST 2015]:
WIRE: [48.0] osgi.wiring.package; (osgi.wiring.package=org.apache.commons.io) -> [56.0]
DEBUG [Fri Sep 11 14:44:09 CEST 2015]:
WIRE: [48.0] osgi.wiring.package; (osgi.wiring.package=org.apache.commons.io.output) -> [56.0]
INFO [Fri Sep 11 14:44:09 CEST 2015]:
start bundle:jcommon:1.0.10
INFO [Fri Sep 11 14:44:09 CEST 2015]:
start bundle:org.objectweb.asm.all:4.2.0
DEBUG [Fri Sep 11 14:44:09 CEST 2015]:
WIRE: [50.0] osgi.wiring.package; (osgi.wiring.package=javax.xml.transform) -> [5.0]
DEBUG [Fri Sep 11 14:44:09 CEST 2015]:
WIRE: [50.0] osgi.wiring.package; (osgi.wiring.package=javax.xml.transform.sax) -> [5.0]
DEBUG [Fri Sep 11 14:44:09 CEST 2015]:
WIRE: [50.0] osgi.wiring.package; (osgi.wiring.package=javax.xml.transform.stream) -> [5.0]
DEBUG [Fri Sep 11 14:44:09 CEST 2015]:
WIRE: [50.0] osgi.wiring.package; (osgi.wiring.package=org.xml.sax) -> [0]
DEBUG [Fri Sep 11 14:44:09 CEST 2015]:
WIRE: [50.0] osgi.wiring.package; (osgi.wiring.package=org.xml.sax.ext) -> [0]
DEBUG [Fri Sep 11 14:44:09 CEST 2015]:
WIRE: [50.0] osgi.wiring.package; (osgi.wiring.package=org.xml.sax.helpers) -> [0]
INFO [Fri Sep 11 14:44:09 CEST 2015]:
start bundle:concurrent:1.3.3
INFO [Fri Sep 11 14:44:09 CEST 2015]:
start bundle:javaparser:1.0.8
INFO [Fri Sep 11 14:44:09 CEST 2015]:
start bundle:metadata.extractor:2.6.4
INFO [Fri Sep 11 14:44:09 CEST 2015]:
start bundle:serializer:2.7.1
INFO [Fri Sep 11 14:44:09 CEST 2015]:
start bundle:sun.mail:1.3.3.01
INFO [Fri Sep 11 14:44:09 CEST 2015]:
start bundle:org.apache.commons.io:2.4.0
INFO [Fri Sep 11 14:44:09 CEST 2015]:
start bundle:icepdf.core:3.1.0.3
INFO [Fri Sep 11 14:44:09 CEST 2015]:
start bundle:flex.messaging.proxy:3.3.0.22497
INFO [Fri Sep 11 14:44:09 CEST 2015]:
start bundle:org.apache.pdfbox:1.8.9
DEBUG [Fri Sep 11 14:44:09 CEST 2015]:
WIRE: [78.0] osgi.wiring.package; (osgi.wiring.package=org.apache.commons.logging) -> [60.0]
DEBUG [Fri Sep 11 14:44:09 CEST 2015]:
WIRE: [59.0] osgi.wiring.package; (osgi.wiring.package=javax.crypto) -> [0]
DEBUG [Fri Sep 11 14:44:09 CEST 2015]:
WIRE: [59.0] osgi.wiring.package; (osgi.wiring.package=javax.crypto.spec) -> [0]
DEBUG [Fri Sep 11 14:44:09 CEST 2015]:
WIRE: [59.0] osgi.wiring.package; (osgi.wiring.package=javax.imageio) -> [0]
DEBUG [Fri Sep 11 14:44:09 CEST 2015]:
WIRE: [59.0] osgi.wiring.package; (osgi.wiring.package=javax.imageio.metadata) -> [0]
DEBUG [Fri Sep 11 14:44:09 CEST 2015]:
WIRE: [59.0] osgi.wiring.package; (osgi.wiring.package=javax.imageio.stream) -> [0]
DEBUG [Fri Sep 11 14:44:09 CEST 2015]:
WIRE: [59.0] osgi.wiring.package; (osgi.wiring.package=javax.print) -> [0]
DEBUG [Fri Sep 11 14:44:09 CEST 2015]:
WIRE: [59.0] osgi.wiring.package; (osgi.wiring.package=javax.swing) -> [0]
DEBUG [Fri Sep 11 14:44:09 CEST 2015]:
WIRE: [59.0] osgi.wiring.package; (osgi.wiring.package=javax.swing.border) -> [0]
DEBUG [Fri Sep 11 14:44:09 CEST 2015]:
WIRE: [59.0] osgi.wiring.package; (osgi.wiring.package=javax.swing.event) -> [0]
DEBUG [Fri Sep 11 14:44:09 CEST 2015]:
WIRE: [59.0] osgi.wiring.package; (osgi.wiring.package=javax.swing.filechooser) -> [0]
DEBUG [Fri Sep 11 14:44:09 CEST 2015]:
WIRE: [59.0] osgi.wiring.package; (osgi.wiring.package=javax.swing.tree) -> [0]
DEBUG [Fri Sep 11 14:44:09 CEST 2015]:
WIRE: [59.0] osgi.wiring.package; (osgi.wiring.package=javax.xml.parsers) -> [5.0]
DEBUG [Fri Sep 11 14:44:09 CEST 2015]:
WIRE: [59.0] osgi.wiring.package; (osgi.wiring.package=javax.xml.transform) -> [5.0]
DEBUG [Fri Sep 11 14:44:09 CEST 2015]:
WIRE: [59.0] osgi.wiring.package; (osgi.wiring.package=javax.xml.transform.dom) -> [5.0]
DEBUG [Fri Sep 11 14:44:09 CEST 2015]:
WIRE: [59.0] osgi.wiring.package; (osgi.wiring.package=javax.xml.transform.stream) -> [5.0]
DEBUG [Fri Sep 11 14:44:09 CEST 2015]:
WIRE: [59.0] osgi.wiring.package; (osgi.wiring.package=org.apache.commons.logging) -> [60.0]
DEBUG [Fri Sep 11 14:44:09 CEST 2015]:
WIRE: [59.0] osgi.wiring.package; (&(osgi.wiring.package=org.apache.fontbox.afm)(version>=1.8.0)(!(version>=2.0.0))) -> [78.0]
DEBUG [Fri Sep 11 14:44:09 CEST 2015]:
WIRE: [59.0] osgi.wiring.package; (&(osgi.wiring.package=org.apache.fontbox.cff)(version>=1.8.0)(!(version>=2.0.0))) -> [78.0]
DEBUG [Fri Sep 11 14:44:09 CEST 2015]:
WIRE: [59.0] osgi.wiring.package; (&(osgi.wiring.package=org.apache.fontbox.cff.charset)(version>=1.8.0)(!(version>=2.0.0))) -> [78.0]
DEBUG [Fri Sep 11 14:44:09 CEST 2015]:
WIRE: [59.0] osgi.wiring.package; (&(osgi.wiring.package=org.apache.fontbox.cff.encoding)(version>=1.8.0)(!(version>=2.0.0))) -> [78.0]
DEBUG [Fri Sep 11 14:44:09 CEST 2015]:
WIRE: [59.0] osgi.wiring.package; (&(osgi.wiring.package=org.apache.fontbox.cmap)(version>=1.8.0)(!(version>=2.0.0))) -> [78.0]
DEBUG [Fri Sep 11 14:44:09 CEST 2015]:
WIRE: [59.0] osgi.wiring.package; (&(osgi.wiring.package=org.apache.fontbox.pfb)(version>=1.8.0)(!(version>=2.0.0))) -> [78.0]
DEBUG [Fri Sep 11 14:44:09 CEST 2015]:
WIRE: [59.0] osgi.wiring.package; (&(osgi.wiring.package=org.apache.fontbox.ttf)(version>=1.8.0)(!(version>=2.0.0))) -> [78.0]
DEBUG [Fri Sep 11 14:44:09 CEST 2015]:
WIRE: [59.0] osgi.wiring.package; (&(osgi.wiring.package=org.apache.fontbox.util)(version>=1.8.0)(!(version>=2.0.0))) -> [78.0]
DEBUG [Fri Sep 11 14:44:09 CEST 2015]:
WIRE: [59.0] osgi.wiring.package; (&(osgi.wiring.package=org.apache.jempbox.xmp)(version>=1.8.0)(!(version>=2.0.0))) -> [6.0]
DEBUG [Fri Sep 11 14:44:09 CEST 2015]:
WIRE: [59.0] osgi.wiring.package; (osgi.wiring.package=org.bouncycastle.asn1) -> [44.0]
DEBUG [Fri Sep 11 14:44:09 CEST 2015]:
WIRE: [59.0] osgi.wiring.package; (osgi.wiring.package=org.bouncycastle.asn1.cms) -> [44.0]
DEBUG [Fri Sep 11 14:44:09 CEST 2015]:
WIRE: [59.0] osgi.wiring.package; (osgi.wiring.package=org.bouncycastle.asn1.pkcs) -> [44.0]
DEBUG [Fri Sep 11 14:44:09 CEST 2015]:
WIRE: [59.0] osgi.wiring.package; (osgi.wiring.package=org.bouncycastle.asn1.x509) -> [44.0]
DEBUG [Fri Sep 11 14:44:09 CEST 2015]:
WIRE: [59.0] osgi.wiring.package; (osgi.wiring.package=org.bouncycastle.jce.provider) -> [44.0]
DEBUG [Fri Sep 11 14:44:09 CEST 2015]:
WIRE: [59.0] osgi.wiring.package; (osgi.wiring.package=org.w3c.dom) -> [0]
DEBUG [Fri Sep 11 14:44:09 CEST 2015]:
WIRE: [59.0] osgi.wiring.package; (osgi.wiring.package=org.xml.sax) -> [0]
INFO [Fri Sep 11 14:44:09 CEST 2015]:
start bundle:org.apache.commons.logging:1.1.1
INFO [Fri Sep 11 14:44:09 CEST 2015]:
start bundle:jencrypt:1.4.2.04
INFO [Fri Sep 11 14:44:09 CEST 2015]:
start bundle:xmlparserv2:1.2.2
INFO [Fri Sep 11 14:44:09 CEST 2015]:
start bundle:org.apache.commons.compress:1.9.0
INFO [Fri Sep 11 14:44:09 CEST 2015]:
start bundle:flex.messaging.core:3.3.0.22497
INFO [Fri Sep 11 14:44:09 CEST 2015]:
start bundle:sun.jai.core:1.2.1
INFO [Fri Sep 11 14:44:09 CEST 2015]:
start bundle:org.apache.sanselan.sanselan:0.97.0.incubator
INFO [Fri Sep 11 14:44:09 CEST 2015]:
start bundle:org.apache.commons.codec:1.6.0
INFO [Fri Sep 11 14:44:09 CEST 2015]:
start bundle:jacob:1.16.1
INFO [Fri Sep 11 14:44:09 CEST 2015]:
start bundle:log4j:1.2.17
DEBUG [Fri Sep 11 14:44:09 CEST 2015]:
WIRE: [69.0] osgi.wiring.package; (osgi.wiring.package=javax.mail) -> [55.0]
DEBUG [Fri Sep 11 14:44:09 CEST 2015]:
WIRE: [69.0] osgi.wiring.package; (osgi.wiring.package=javax.mail.internet) -> [55.0]
DEBUG [Fri Sep 11 14:44:09 CEST 2015]:
WIRE: [69.0] osgi.wiring.package; (osgi.wiring.package=javax.management) -> [0]
DEBUG [Fri Sep 11 14:44:09 CEST 2015]:
WIRE: [69.0] osgi.wiring.package; (osgi.wiring.package=javax.naming) -> [0]
DEBUG [Fri Sep 11 14:44:09 CEST 2015]:
WIRE: [69.0] osgi.wiring.package; (osgi.wiring.package=javax.xml.parsers) -> [5.0]
DEBUG [Fri Sep 11 14:44:09 CEST 2015]:
WIRE: [69.0] osgi.wiring.package; (osgi.wiring.package=org.w3c.dom) -> [0]
DEBUG [Fri Sep 11 14:44:09 CEST 2015]:
WIRE: [69.0] osgi.wiring.package; (osgi.wiring.package=org.xml.sax) -> [0]
DEBUG [Fri Sep 11 14:44:09 CEST 2015]:
WIRE: [69.0] osgi.wiring.package; (osgi.wiring.package=org.xml.sax.helpers) -> [0]
INFO [Fri Sep 11 14:44:09 CEST 2015]:
start bundle:org.joda.time:2.1.0
INFO [Fri Sep 11 14:44:09 CEST 2015]:
start bundle:sun.activation:1.1.0
INFO [Fri Sep 11 14:44:09 CEST 2015]:
start bundle:hsqldb:1.8.0
INFO [Fri Sep 11 14:44:09 CEST 2015]:
start bundle:apache.poi.ooxml.schemas:3.8.0
INFO [Fri Sep 11 14:44:09 CEST 2015]:
start bundle:ojdbc14:0.0.0
INFO [Fri Sep 11 14:44:09 CEST 2015]:
start bundle:org.apache.commons.logging.api:1.1.1
INFO [Fri Sep 11 14:44:09 CEST 2015]:
start bundle:slf4j.api:1.7.12
INFO [Fri Sep 11 14:44:09 CEST 2015]:
start bundle:sun.xml.jaxrpc:1.2.1
INFO [Fri Sep 11 14:44:09 CEST 2015]:
start bundle:org.apache.pdfbox.fontbox:1.8.9
INFO [Fri Sep 11 14:44:09 CEST 2015]:
start bundle:backport.util.concurrent:2.2.0
INFO [Fri Sep 11 14:44:09 CEST 2015]:
start bundle:xdb:1.0.0
INFO [Fri Sep 11 14:44:09 CEST 2015]:
start bundle:xmlbeans:2.3.0.r540734
INFO [Fri Sep 11 14:44:09 CEST 2015]:
start bundle:sun.jndi.ldap:1.2.4
INFO [Fri Sep 11 14:44:09 CEST 2015]:
start bundle:fusiondebug.api.server:1.0.20
INFO [Fri Sep 11 14:44:09 CEST 2015]:
start bundle:flex.messaging.common:3.3.0.22497
INFO [Fri Sep 11 14:44:09 CEST 2015]:
start bundle:ESAPI:2.1.0
INFO [Fri Sep 11 14:44:09 CEST 2015]:
start bundle:lucee.core:5.0.0.73-SNAPSHOT
DEBUG [Fri Sep 11 14:44:09 CEST 2015]:
WIRE: [87.0] osgi.wiring.bundle; (&(osgi.wiring.bundle=org.apache.sanselan.sanselan)(bundle-version>=0.97.0.incubator)) -> [66.0]
DEBUG [Fri Sep 11 14:44:09 CEST 2015]:
WIRE: [87.0] osgi.wiring.bundle; (&(osgi.wiring.bundle=org.apache.commons.codec)(bundle-version>=1.6.0)) -> [67.0]
DEBUG [Fri Sep 11 14:44:09 CEST 2015]:
WIRE: [87.0] osgi.wiring.bundle; (&(osgi.wiring.bundle=org.apache.commons.collections4)(bundle-version>=4.0.0)) -> [26.0]
DEBUG [Fri Sep 11 14:44:09 CEST 2015]:
WIRE: [87.0] osgi.wiring.bundle; (&(osgi.wiring.bundle=org.apache.commons.compress)(bundle-version>=1.9.0)) -> [63.0]
DEBUG [Fri Sep 11 14:44:09 CEST 2015]:
WIRE: [87.0] osgi.wiring.bundle; (&(osgi.wiring.bundle=org.apache.commons.discovery)(bundle-version>=0.5.0)) -> [20.0]
DEBUG [Fri Sep 11 14:44:09 CEST 2015]:
WIRE: [87.0] osgi.wiring.bundle; (&(osgi.wiring.bundle=org.apache.commons.email)(bundle-version>=1.2.0)) -> [42.0]
DEBUG [Fri Sep 11 14:44:09 CEST 2015]:
WIRE: [87.0] osgi.wiring.bundle; (&(osgi.wiring.bundle=org.apache.commons.fileupload)(bundle-version>=1.2.1)) -> [48.0]
DEBUG [Fri Sep 11 14:44:09 CEST 2015]:
WIRE: [87.0] osgi.wiring.bundle; (&(osgi.wiring.bundle=org.lucee.commons-httpclient)(bundle-version>=3.1.0)) -> [2.0]
DEBUG [Fri Sep 11 14:44:09 CEST 2015]:
WIRE: [87.0] osgi.wiring.bundle; (&(osgi.wiring.bundle=org.apache.commons.io)(bundle-version>=2.4.0)) -> [56.0]
DEBUG [Fri Sep 11 14:44:09 CEST 2015]:
WIRE: [87.0] osgi.wiring.bundle; (&(osgi.wiring.bundle=org.apache.commons.lang)(bundle-version>=2.6.0)) -> [17.0]
DEBUG [Fri Sep 11 14:44:09 CEST 2015]:
WIRE: [87.0] osgi.wiring.bundle; (&(osgi.wiring.bundle=org.apache.commons.logging.adapters)(bundle-version>=1.1.1)) -> [25.0]
DEBUG [Fri Sep 11 14:44:09 CEST 2015]:
WIRE: [87.0] osgi.wiring.bundle; (&(osgi.wiring.bundle=org.apache.commons.logging.api)(bundle-version>=1.1.1)) -> [75.0]
DEBUG [Fri Sep 11 14:44:09 CEST 2015]:
WIRE: [87.0] osgi.wiring.bundle; (&(osgi.wiring.bundle=org.apache.commons.logging)(bundle-version>=1.1.1)) -> [60.0]
DEBUG [Fri Sep 11 14:44:09 CEST 2015]:
WIRE: [87.0] osgi.wiring.bundle; (&(osgi.wiring.bundle=org.apache.commons.net)(bundle-version>=3.3.0)) -> [46.0]
DEBUG [Fri Sep 11 14:44:09 CEST 2015]:
WIRE: [87.0] osgi.wiring.bundle; (&(osgi.wiring.bundle=org.apache.oro)(bundle-version>=2.0.8)) -> [47.0]
DEBUG [Fri Sep 11 14:44:09 CEST 2015]:
WIRE: [87.0] osgi.wiring.bundle; (&(osgi.wiring.bundle=log4j)(bundle-version>=1.2.17)) -> [69.0]
DEBUG [Fri Sep 11 14:44:09 CEST 2015]:
WIRE: [87.0] osgi.wiring.bundle; (&(osgi.wiring.bundle=apache.poi.ooxml.schemas)(bundle-version>=3.8.0)) -> [73.0]
DEBUG [Fri Sep 11 14:44:09 CEST 2015]:
WIRE: [87.0] osgi.wiring.bundle; (&(osgi.wiring.bundle=org.apache.poi.ooxml)(bundle-version>=3.8.0)) -> [15.0]
DEBUG [Fri Sep 11 14:44:09 CEST 2015]:
WIRE: [87.0] osgi.wiring.bundle; (&(osgi.wiring.bundle=apache.poi.tm.extractors)(bundle-version>=3.8.0)) -> [35.0]
DEBUG [Fri Sep 11 14:44:09 CEST 2015]:
WIRE: [87.0] osgi.wiring.bundle; (&(osgi.wiring.bundle=org.apache.poi)(bundle-version>=3.8.0)) -> [27.0]
DEBUG [Fri Sep 11 14:44:09 CEST 2015]:
WIRE: [87.0] osgi.wiring.bundle; (&(osgi.wiring.bundle=apache.ws.axis.ant)(bundle-version>=1.4.0)) -> [11.0]
DEBUG [Fri Sep 11 14:44:09 CEST 2015]:
WIRE: [87.0] osgi.wiring.bundle; (&(osgi.wiring.bundle=apache.ws.axis)(bundle-version>=1.4.0.L004)) -> [32.0]
DEBUG [Fri Sep 11 14:44:09 CEST 2015]:
WIRE: [87.0] osgi.wiring.bundle; (&(osgi.wiring.bundle=apache.xml.xalan)(bundle-version>=2.7.1)) -> [33.0]
DEBUG [Fri Sep 11 14:44:09 CEST 2015]:
WIRE: [87.0] osgi.wiring.bundle; (&(osgi.wiring.bundle=apache.xml.xerces)(bundle-version>=2.11.0)) -> [12.0]
DEBUG [Fri Sep 11 14:44:09 CEST 2015]:
WIRE: [87.0] osgi.wiring.bundle; (&(osgi.wiring.bundle=backport.util.concurrent)(bundle-version>=2.2.0)) -> [79.0]
DEBUG [Fri Sep 11 14:44:09 CEST 2015]:
WIRE: [87.0] osgi.wiring.bundle; (&(osgi.wiring.bundle=bcprov.jdk14)(bundle-version>=1.36.0)) -> [44.0]
DEBUG [Fri Sep 11 14:44:09 CEST 2015]:
WIRE: [87.0] osgi.wiring.bundle; (&(osgi.wiring.bundle=concurrent)(bundle-version>=1.3.3)) -> [51.0]
DEBUG [Fri Sep 11 14:44:09 CEST 2015]:
WIRE: [87.0] osgi.wiring.bundle; (&(osgi.wiring.bundle=net.sf.ehcache)(bundle-version>=2.10.0)) -> [31.0]
DEBUG [Fri Sep 11 14:44:09 CEST 2015]:
WIRE: [87.0] osgi.wiring.bundle; (&(osgi.wiring.bundle=ESAPI)(bundle-version>=2.1.0)) -> [85.0]
DEBUG [Fri Sep 11 14:44:09 CEST 2015]:
WIRE: [87.0] osgi.wiring.bundle; (&(osgi.wiring.bundle=flex.messaging.common)(bundle-version>=3.3.0.22497)) -> [84.0]
DEBUG [Fri Sep 11 14:44:09 CEST 2015]:
WIRE: [87.0] osgi.wiring.bundle; (&(osgi.wiring.bundle=flex.messaging.core)(bundle-version>=3.3.0.22497)) -> [64.0]
DEBUG [Fri Sep 11 14:44:09 CEST 2015]:
WIRE: [87.0] osgi.wiring.bundle; (&(osgi.wiring.bundle=flex.messaging.opt)(bundle-version>=3.3.0.22497)) -> [1.0]
DEBUG [Fri Sep 11 14:44:09 CEST 2015]:
WIRE: [87.0] osgi.wiring.bundle; (&(osgi.wiring.bundle=flex.messaging.proxy)(bundle-version>=3.3.0.22497)) -> [58.0]
DEBUG [Fri Sep 11 14:44:09 CEST 2015]:
WIRE: [87.0] osgi.wiring.bundle; (&(osgi.wiring.bundle=flex.messaging.remoting)(bundle-version>=3.3.0.22497)) -> [23.0]
DEBUG [Fri Sep 11 14:44:09 CEST 2015]:
WIRE: [87.0] osgi.wiring.bundle; (&(osgi.wiring.bundle=fusiondebug.api.server)(bundle-version>=1.0.20)) -> [83.0]
DEBUG [Fri Sep 11 14:44:09 CEST 2015]:
WIRE: [87.0] osgi.wiring.bundle; (&(osgi.wiring.bundle=apache.http.components.client)(bundle-version>=4.5.0.0001L)) -> [13.0]
DEBUG [Fri Sep 11 14:44:09 CEST 2015]:
WIRE: [87.0] osgi.wiring.bundle; (&(osgi.wiring.bundle=apache.http.components.core)(bundle-version>=4.4.1)) -> [45.0]
DEBUG [Fri Sep 11 14:44:09 CEST 2015]:
WIRE: [87.0] osgi.wiring.bundle; (&(osgi.wiring.bundle=apache.http.components.mime)(bundle-version>=4.5.0)) -> [40.0]
DEBUG [Fri Sep 11 14:44:09 CEST 2015]:
WIRE: [87.0] osgi.wiring.bundle; (&(osgi.wiring.bundle=hsqldb)(bundle-version>=1.8.0)) -> [72.0]
DEBUG [Fri Sep 11 14:44:09 CEST 2015]:
WIRE: [87.0] osgi.wiring.bundle; (&(osgi.wiring.bundle=icepdf.core)(bundle-version>=3.1.0.3)) -> [57.0]
DEBUG [Fri Sep 11 14:44:09 CEST 2015]:
WIRE: [87.0] osgi.wiring.bundle; (&(osgi.wiring.bundle=jacob)(bundle-version>=1.16.1)) -> [68.0]
DEBUG [Fri Sep 11 14:44:09 CEST 2015]:
WIRE: [87.0] osgi.wiring.bundle; (&(osgi.wiring.bundle=javaparser)(bundle-version>=1.0.8)) -> [52.0]
DEBUG [Fri Sep 11 14:44:09 CEST 2015]:
WIRE: [87.0] osgi.wiring.bundle; (&(osgi.wiring.bundle=javasysmon)(bundle-version>=0.3.3)) -> [37.0]
DEBUG [Fri Sep 11 14:44:09 CEST 2015]:
WIRE: [87.0] osgi.wiring.bundle; (&(osgi.wiring.bundle=jcifs)(bundle-version>=1.3.17)) -> [16.0]
DEBUG [Fri Sep 11 14:44:09 CEST 2015]:
WIRE: [87.0] osgi.wiring.bundle; (&(osgi.wiring.bundle=jcommon)(bundle-version>=1.0.10)) -> [49.0]
DEBUG [Fri Sep 11 14:44:09 CEST 2015]:
WIRE: [87.0] osgi.wiring.bundle; (&(osgi.wiring.bundle=jencrypt)(bundle-version>=1.4.2.04)) -> [61.0]
DEBUG [Fri Sep 11 14:44:09 CEST 2015]:
WIRE: [87.0] osgi.wiring.bundle; (&(osgi.wiring.bundle=jffmpeg)(bundle-version>=1.4.2.09)) -> [19.0]
DEBUG [Fri Sep 11 14:44:09 CEST 2015]:
WIRE: [87.0] osgi.wiring.bundle; (&(osgi.wiring.bundle=jfreechart.patch)(bundle-version>=1.0.12)) -> [22.0]
DEBUG [Fri Sep 11 14:44:09 CEST 2015]:
WIRE: [87.0] osgi.wiring.bundle; (&(osgi.wiring.bundle=jfreechart)(bundle-version>=1.0.12)) -> [8.0]
DEBUG [Fri Sep 11 14:44:09 CEST 2015]:
WIRE: [87.0] osgi.wiring.bundle; (&(osgi.wiring.bundle=jmimemagic)(bundle-version>=0.1.2)) -> [36.0]
DEBUG [Fri Sep 11 14:44:09 CEST 2015]:
WIRE: [87.0] osgi.wiring.bundle; (&(osgi.wiring.bundle=org.joda.time)(bundle-version>=2.1.0)) -> [70.0]
DEBUG [Fri Sep 11 14:44:09 CEST 2015]:
WIRE: [87.0] osgi.wiring.bundle; (&(osgi.wiring.bundle=jpedal.gpl)(bundle-version>=3.51.12)) -> [29.0]
DEBUG [Fri Sep 11 14:44:09 CEST 2015]:
WIRE: [87.0] osgi.wiring.bundle; (&(osgi.wiring.bundle=lowagie.itext)(bundle-version>=2.1.2.1)) -> [14.0]
DEBUG [Fri Sep 11 14:44:09 CEST 2015]:
WIRE: [87.0] osgi.wiring.bundle; (&(osgi.wiring.bundle=metadata.extractor)(bundle-version>=2.6.4)) -> [53.0]
DEBUG [Fri Sep 11 14:44:09 CEST 2015]:
WIRE: [87.0] osgi.wiring.bundle; (&(osgi.wiring.bundle=org.objectweb.asm.all)(bundle-version>=4.2.0)) -> [50.0]
DEBUG [Fri Sep 11 14:44:09 CEST 2015]:
WIRE: [87.0] osgi.wiring.bundle; (&(osgi.wiring.bundle=ojdbc14)(bundle-version>=0.0.0)) -> [74.0]
DEBUG [Fri Sep 11 14:44:09 CEST 2015]:
WIRE: [87.0] osgi.wiring.bundle; (&(osgi.wiring.bundle=openamf.astranslator)(bundle-version>=1.5.8)) -> [7.0]
DEBUG [Fri Sep 11 14:44:09 CEST 2015]:
WIRE: [87.0] osgi.wiring.bundle; (&(osgi.wiring.bundle=openamf)(bundle-version>=1.5.8)) -> [3.0]
DEBUG [Fri Sep 11 14:44:09 CEST 2015]:
WIRE: [87.0] osgi.wiring.bundle; (&(osgi.wiring.bundle=org.apache.pdfbox)(bundle-version>=1.8.9)) -> [59.0]
DEBUG [Fri Sep 11 14:44:09 CEST 2015]:
WIRE: [87.0] osgi.wiring.bundle; (&(osgi.wiring.bundle=org.apache.pdfbox.fontbox)(bundle-version>=1.8.9)) -> [78.0]
DEBUG [Fri Sep 11 14:44:09 CEST 2015]:
WIRE: [87.0] osgi.wiring.bundle; (&(osgi.wiring.bundle=org.apache.pdfbox.jempbox)(bundle-version>=1.8.9)) -> [6.0]
DEBUG [Fri Sep 11 14:44:09 CEST 2015]:
WIRE: [87.0] osgi.wiring.bundle; (&(osgi.wiring.bundle=PDFRenderer)(bundle-version>=1.0.5)) -> [41.0]
DEBUG [Fri Sep 11 14:44:09 CEST 2015]:
WIRE: [87.0] osgi.wiring.bundle; (&(osgi.wiring.bundle=resolver)(bundle-version>=1.2.0)) -> [24.0]
DEBUG [Fri Sep 11 14:44:09 CEST 2015]:
WIRE: [87.0] osgi.wiring.bundle; (&(osgi.wiring.bundle=serializer)(bundle-version>=2.7.1)) -> [54.0]
DEBUG [Fri Sep 11 14:44:09 CEST 2015]:
WIRE: [87.0] osgi.wiring.bundle; (&(osgi.wiring.bundle=slf4j.api)(bundle-version>=1.7.12)) -> [76.0]
DEBUG [Fri Sep 11 14:44:09 CEST 2015]:
WIRE: [87.0] osgi.wiring.bundle; (&(osgi.wiring.bundle=ss.css2)(bundle-version>=0.9.4)) -> [39.0]
DEBUG [Fri Sep 11 14:44:09 CEST 2015]:
WIRE: [87.0] osgi.wiring.bundle; (&(osgi.wiring.bundle=stax.api)(bundle-version>=1.0.1)) -> [34.0]
DEBUG [Fri Sep 11 14:44:09 CEST 2015]:
WIRE: [87.0] osgi.wiring.bundle; (&(osgi.wiring.bundle=sun.activation)(bundle-version>=1.1.0)) -> [71.0]
DEBUG [Fri Sep 11 14:44:09 CEST 2015]:
WIRE: [87.0] osgi.wiring.bundle; (&(osgi.wiring.bundle=sun.jai.codec)(bundle-version>=1.1.2)) -> [28.0]
DEBUG [Fri Sep 11 14:44:09 CEST 2015]:
WIRE: [87.0] osgi.wiring.bundle; (&(osgi.wiring.bundle=sun.jai.core)(bundle-version>=1.2.1)) -> [65.0]
DEBUG [Fri Sep 11 14:44:09 CEST 2015]:
WIRE: [87.0] osgi.wiring.bundle; (&(osgi.wiring.bundle=sun.jndi.ldap)(bundle-version>=1.2.4)) -> [82.0]
DEBUG [Fri Sep 11 14:44:09 CEST 2015]:
WIRE: [87.0] osgi.wiring.bundle; (&(osgi.wiring.bundle=sun.jndi.ldapbp)(bundle-version>=1.2.4)) -> [10.0]
DEBUG [Fri Sep 11 14:44:09 CEST 2015]:
WIRE: [87.0] osgi.wiring.bundle; (&(osgi.wiring.bundle=sun.jndi.ldapsec)(bundle-version>=1.2.4)) -> [4.0]
DEBUG [Fri Sep 11 14:44:09 CEST 2015]:
WIRE: [87.0] osgi.wiring.bundle; (&(osgi.wiring.bundle=sun.jndi.providerutil)(bundle-version>=1.2.4)) -> [38.0]
DEBUG [Fri Sep 11 14:44:09 CEST 2015]:
WIRE: [87.0] osgi.wiring.bundle; (&(osgi.wiring.bundle=sun.mail)(bundle-version>=1.3.3.01)) -> [55.0]
DEBUG [Fri Sep 11 14:44:09 CEST 2015]:
WIRE: [87.0] osgi.wiring.bundle; (&(osgi.wiring.bundle=sun.security.jaas)(bundle-version>=1.2.4)) -> [21.0]
DEBUG [Fri Sep 11 14:44:09 CEST 2015]:
WIRE: [87.0] osgi.wiring.bundle; (&(osgi.wiring.bundle=sun.xml.jaxrpc)(bundle-version>=1.2.1)) -> [77.0]
DEBUG [Fri Sep 11 14:44:09 CEST 2015]:
WIRE: [87.0] osgi.wiring.bundle; (&(osgi.wiring.bundle=sun.xml.wsdl4j)(bundle-version>=1.5.1)) -> [43.0]
DEBUG [Fri Sep 11 14:44:09 CEST 2015]:
WIRE: [87.0] osgi.wiring.bundle; (&(osgi.wiring.bundle=sun.xml.saaj)(bundle-version>=1.2.1)) -> [18.0]
DEBUG [Fri Sep 11 14:44:09 CEST 2015]:
WIRE: [87.0] osgi.wiring.bundle; (&(osgi.wiring.bundle=tagsoup)(bundle-version>=1.2.1)) -> [30.0]
DEBUG [Fri Sep 11 14:44:09 CEST 2015]:
WIRE: [87.0] osgi.wiring.bundle; (&(osgi.wiring.bundle=w3c.dom)(bundle-version>=1.1.0)) -> [9.0]
DEBUG [Fri Sep 11 14:44:09 CEST 2015]:
WIRE: [87.0] osgi.wiring.bundle; (&(osgi.wiring.bundle=xdb)(bundle-version>=1.0.0)) -> [80.0]
DEBUG [Fri Sep 11 14:44:09 CEST 2015]:
WIRE: [87.0] osgi.wiring.bundle; (&(osgi.wiring.bundle=xml.apis)(bundle-version>=1.3.2)) -> [5.0]
DEBUG [Fri Sep 11 14:44:09 CEST 2015]:
WIRE: [87.0] osgi.wiring.bundle; (&(osgi.wiring.bundle=xmlbeans)(bundle-version>=2.3.0.r540734)) -> [81.0]
DEBUG [Fri Sep 11 14:44:09 CEST 2015]:
WIRE: [87.0] osgi.wiring.bundle; (&(osgi.wiring.bundle=xmlparserv2)(bundle-version>=1.2.2)) -> [62.0]
DEBUG [Fri Sep 11 14:44:09 CEST 2015]:
state:ACTIVE
DEBUG [Fri Sep 11 14:44:09 CEST 2015]:
org.osgi.framework.bootdelegation:org.apache.felix.framework,org.w3c.*,org.w3c.dom.*,lucee,lucee.*,lucee.loader.engine,org.osgi.*,javax.*,org.xml.*,sun.*,coldfusion.*,com.allaire.cfx,com.integral.fusiondebug.server,org.apache.xalan.*,org.apache.xerces.*,org.apache.xml.*
DEBUG [Fri Sep 11 14:44:09 CEST 2015]:
felix.cache.rootdir:/Users/mic/Projects/Lucee/Lucee5/temp/archive/base/lucee-server
DEBUG [Fri Sep 11 14:44:09 CEST 2015]:
class:lucee.runtime.engine.CFMLEngineImpl
DEBUG [Fri Sep 11 14:44:09 CEST 2015]:
Bundle lucee.core [87] META-INF/services/org.apache.xerces.xni.parser.XMLParserConfiguration not found by lucee.core [87]
DEBUG [Fri Sep 11 14:44:09 CEST 2015]:
Bundle lucee.core [87] META-INF/services/org.apache.xerces.xni.parser.XMLParserConfiguration not found by lucee.core [87]
DEBUG [Fri Sep 11 14:44:09 CEST 2015]:
Bundle lucee.core [87] META-INF/services/org.apache.xerces.xni.parser.XMLParserConfiguration not found by lucee.core [87]
DEBUG [Fri Sep 11 14:44:09 CEST 2015]:
Bundle lucee.core [87] META-INF/services/org.apache.xerces.xni.parser.XMLParserConfiguration not found by lucee.core [87]
DEBUG [Fri Sep 11 14:44:09 CEST 2015]:
Bundle lucee.core [87] META-INF/services/org.apache.xerces.xni.parser.XMLParserConfiguration not found by lucee.core [87]
DEBUG [Fri Sep 11 14:44:09 CEST 2015]:
Bundle lucee.core [87] META-INF/services/org.apache.xerces.xni.parser.XMLParserConfiguration not found by lucee.core [87]
DEBUG [Fri Sep 11 14:44:09 CEST 2015]:
Bundle lucee.core [87] META-INF/services/org.apache.xerces.xni.parser.XMLParserConfiguration not found by lucee.core [87]
DEBUG [Fri Sep 11 14:44:09 CEST 2015]:
Bundle lucee.core [87] META-INF/services/org.apache.xerces.xni.parser.XMLParserConfiguration not found by lucee.core [87]
DEBUG [Fri Sep 11 14:44:09 CEST 2015]:
Bundle lucee.core [87] META-INF/services/org.apache.xerces.xni.parser.XMLParserConfiguration not found by lucee.core [87]
DEBUG [Fri Sep 11 14:44:09 CEST 2015]:
Bundle lucee.core [87] META-INF/services/org.apache.xerces.xni.parser.XMLParserConfiguration not found by lucee.core [87]
DEBUG [Fri Sep 11 14:44:09 CEST 2015]:
Bundle lucee.core [87] META-INF/services/org.apache.xerces.xni.parser.XMLParserConfiguration not found by lucee.core [87]
DEBUG [Fri Sep 11 14:44:09 CEST 2015]:
Bundle lucee.core [87] META-INF/services/org.apache.xerces.xni.parser.XMLParserConfiguration not found by lucee.core [87]
DEBUG [Fri Sep 11 14:44:09 CEST 2015]:
Bundle lucee.core [87] log4j.xml not found by lucee.core [87]
DEBUG [Fri Sep 11 14:44:09 CEST 2015]:
Bundle log4j [69] log4j.xml not found by log4j [69]
DEBUG [Fri Sep 11 14:44:09 CEST 2015]:
Bundle lucee.core [87] log4j.properties not found by lucee.core [87]
DEBUG [Fri Sep 11 14:44:09 CEST 2015]:
Bundle log4j [69] log4j.properties not found by log4j [69]
DEBUG [Fri Sep 11 14:44:10 CEST 2015]:
Loaded Lucee Version 5.0.0.73-SNAPSHOT
DEBUG [Fri Sep 11 14:44:10 CEST 2015]:
Bundle lucee.core [87] META-INF/services/org.apache.xerces.xni.parser.XMLParserConfiguration not found by lucee.core [87]
DEBUG [Fri Sep 11 14:44:10 CEST 2015]:
Bundle lucee.core [87] META-INF/services/org.apache.xerces.xni.parser.XMLParserConfiguration not found by lucee.core [87]
DEBUG [Fri Sep 11 14:44:10 CEST 2015]:
Bundle lucee.core [87] META-INF/services/org.apache.xerces.xni.parser.XMLParserConfiguration not found by lucee.core [87]
DEBUG [Fri Sep 11 14:44:10 CEST 2015]:
Bundle lucee.core [87] META-INF/services/org.apache.xerces.xni.parser.XMLParserConfiguration not found by lucee.core [87]
DEBUG [Fri Sep 11 14:44:10 CEST 2015]:
Bundle lucee.core [87] META-INF/services/org.apache.xerces.xni.parser.XMLParserConfiguration not found by lucee.core [87]
DEBUG [Fri Sep 11 14:44:10 CEST 2015]:
Bundle lucee.core [87] META-INF/services/org.apache.xerces.xni.parser.XMLParserConfiguration not found by lucee.core [87]
DEBUG [Fri Sep 11 14:44:10 CEST 2015]:
Bundle lucee.core [87] META-INF/services/org.apache.xerces.xni.parser.XMLParserConfiguration not found by lucee.core [87]
DEBUG [Fri Sep 11 14:44:10 CEST 2015]:
Bundle lucee.core [87] META-INF/services/org.apache.xerces.xni.parser.XMLParserConfiguration not found by lucee.core [87]
DEBUG [Fri Sep 11 14:44:10 CEST 2015]:
Bundle lucee.core [87] META-INF/services/org.apache.xerces.xni.parser.XMLParserConfiguration not found by lucee.core [87]
DEBUG [Fri Sep 11 14:44:10 CEST 2015]:
Bundle lucee.core [87] META-INF/services/org.apache.xerces.xni.parser.XMLParserConfiguration not found by lucee.core [87]
DEBUG [Fri Sep 11 14:44:10 CEST 2015]:
Bundle lucee.core [87] META-INF/services/org.apache.xerces.xni.parser.XMLParserConfiguration not found by lucee.core [87]
DEBUG [Fri Sep 11 14:44:10 CEST 2015]:
Bundle lucee.core [87] META-INF/services/org.apache.xerces.xni.parser.XMLParserConfiguration not found by lucee.core [87]
DEBUG [Fri Sep 11 14:44:10 CEST 2015]:
Bundle lucee.core [87] META-INF/services/org.apache.xerces.xni.parser.XMLParserConfiguration not found by lucee.core [87]
DEBUG [Fri Sep 11 14:44:10 CEST 2015]:
Bundle lucee.core [87] META-INF/services/org.apache.xerces.xni.parser.XMLParserConfiguration not found by lucee.core [87]
DEBUG [Fri Sep 11 14:44:10 CEST 2015]:
Bundle lucee.core [87] META-INF/services/org.apache.xerces.xni.parser.XMLParserConfiguration not found by lucee.core [87]
DEBUG [Fri Sep 11 14:44:10 CEST 2015]:
Bundle lucee.core [87] META-INF/services/org.apache.xerces.xni.parser.XMLParserConfiguration not found by lucee.core [87]
DEBUG [Fri Sep 11 14:44:10 CEST 2015]:
WIRE: [88.0] osgi.wiring.bundle; (osgi.wiring.bundle=lucee.core) -> [87.0]
DEBUG [Fri Sep 11 14:44:12 CEST 2015]:
Bundle lucee.core [87] META-INF/services/org.apache.xerces.xni.parser.XMLParserConfiguration not found by lucee.core [87]
DEBUG [Fri Sep 11 14:44:12 CEST 2015]:
Bundle lucee.core [87] META-INF/services/org.apache.xerces.xni.parser.XMLParserConfiguration not found by lucee.core [87]
DEBUG [Fri Sep 11 14:44:12 CEST 2015]:
Bundle lucee.core [87] META-INF/services/org.apache.xerces.xni.parser.XMLParserConfiguration not found by lucee.core [87]
DEBUG [Fri Sep 11 14:44:12 CEST 2015]:
Bundle lucee.core [87] META-INF/services/org.apache.xerces.xni.parser.XMLParserConfiguration not found by lucee.core [87]
DEBUG [Fri Sep 11 14:44:12 CEST 2015]:
Bundle lucee.core [87] META-INF/services/org.apache.xerces.xni.parser.XMLParserConfiguration not found by lucee.core [87]
DEBUG [Fri Sep 11 14:44:20 CEST 2015]:
Bundle lucee.core [87] META-INF/services/org.apache.xerces.xni.parser.XMLParserConfiguration not found by lucee.core [87]
DEBUG [Fri Sep 11 14:44:20 CEST 2015]:
Bundle lucee.core [87] META-INF/services/org.apache.xerces.xni.parser.XMLParserConfiguration not found by lucee.core [87]
DEBUG [Fri Sep 11 14:44:20 CEST 2015]:
Bundle lucee.core [87] META-INF/services/org.apache.xerces.xni.parser.XMLParserConfiguration not found by lucee.core [87]
DEBUG [Fri Sep 11 14:44:20 CEST 2015]:
Bundle lucee.core [87] META-INF/services/org.apache.xerces.xni.parser.XMLParserConfiguration not found by lucee.core [87]
DEBUG [Fri Sep 11 14:44:20 CEST 2015]:
Bundle lucee.core [87] META-INF/services/org.apache.xerces.xni.parser.XMLParserConfiguration not found by lucee.core [87]
DEBUG [Fri Sep 11 14:44:21 CEST 2015]:
Bundle lucee.core [87] META-INF/services/org.apache.xerces.xni.parser.XMLParserConfiguration not found by lucee.core [87]
DEBUG [Fri Sep 11 14:44:21 CEST 2015]:
Bundle lucee.core [87] META-INF/services/org.apache.xerces.xni.parser.XMLParserConfiguration not found by lucee.core [87]
DEBUG [Fri Sep 11 14:44:21 CEST 2015]:
Bundle lucee.core [87] META-INF/services/org.apache.xerces.xni.parser.XMLParserConfiguration not found by lucee.core [87]
DEBUG [Fri Sep 11 14:44:21 CEST 2015]:
Bundle lucee.core [87] META-INF/services/org.apache.xerces.xni.parser.XMLParserConfiguration not found by lucee.core [87]
DEBUG [Fri Sep 11 14:44:21 CEST 2015]:
Bundle lucee.core [87] META-INF/services/org.apache.xerces.xni.parser.XMLParserConfiguration not found by lucee.core [87]
INFO [Fri Sep 11 14:44:27 CEST 2015]:
start bundle:flex.messaging.opt:3.3.0.22497
INFO [Fri Sep 11 14:44:27 CEST 2015]:
start bundle:org.lucee.commons-httpclient:3.1.0
DEBUG [Fri Sep 11 14:44:27 CEST 2015]:
WIRE: [2.0] osgi.wiring.package; (osgi.wiring.package=javax.crypto) -> [0]
DEBUG [Fri Sep 11 14:44:27 CEST 2015]:
WIRE: [2.0] osgi.wiring.package; (osgi.wiring.package=javax.crypto.spec) -> [0]
DEBUG [Fri Sep 11 14:44:27 CEST 2015]:
WIRE: [2.0] osgi.wiring.package; (osgi.wiring.package=javax.net) -> [0]
DEBUG [Fri Sep 11 14:44:27 CEST 2015]:
WIRE: [2.0] osgi.wiring.package; (osgi.wiring.package=javax.net.ssl) -> [0]
DEBUG [Fri Sep 11 14:44:27 CEST 2015]:
WIRE: [2.0] osgi.wiring.package; (osgi.wiring.package=org.apache.commons.codec) -> [67.0]
DEBUG [Fri Sep 11 14:44:27 CEST 2015]:
WIRE: [2.0] osgi.wiring.package; (osgi.wiring.package=org.apache.commons.codec.binary) -> [67.0]
DEBUG [Fri Sep 11 14:44:27 CEST 2015]:
WIRE: [2.0] osgi.wiring.package; (osgi.wiring.package=org.apache.commons.codec.net) -> [67.0]
DEBUG [Fri Sep 11 14:44:27 CEST 2015]:
WIRE: [2.0] osgi.wiring.package; (osgi.wiring.package=org.apache.commons.logging) -> [60.0]
INFO [Fri Sep 11 14:44:27 CEST 2015]:
start bundle:openamf:1.5.8
INFO [Fri Sep 11 14:44:27 CEST 2015]:
start bundle:sun.jndi.ldapsec:1.2.4
INFO [Fri Sep 11 14:44:27 CEST 2015]:
start bundle:xml.apis:1.3.2
INFO [Fri Sep 11 14:44:27 CEST 2015]:
start bundle:org.apache.pdfbox.jempbox:1.8.9
DEBUG [Fri Sep 11 14:44:27 CEST 2015]:
WIRE: [6.0] osgi.wiring.package; (osgi.wiring.package=javax.xml.parsers) -> [5.0]
DEBUG [Fri Sep 11 14:44:27 CEST 2015]:
WIRE: [6.0] osgi.wiring.package; (osgi.wiring.package=javax.xml.transform) -> [5.0]
DEBUG [Fri Sep 11 14:44:27 CEST 2015]:
WIRE: [6.0] osgi.wiring.package; (osgi.wiring.package=javax.xml.transform.dom) -> [5.0]
DEBUG [Fri Sep 11 14:44:27 CEST 2015]:
WIRE: [6.0] osgi.wiring.package; (osgi.wiring.package=javax.xml.transform.stream) -> [5.0]
DEBUG [Fri Sep 11 14:44:27 CEST 2015]:
WIRE: [6.0] osgi.wiring.package; (osgi.wiring.package=org.w3c.dom) -> [0]
DEBUG [Fri Sep 11 14:44:27 CEST 2015]:
WIRE: [6.0] osgi.wiring.package; (osgi.wiring.package=org.xml.sax) -> [0]
INFO [Fri Sep 11 14:44:27 CEST 2015]:
start bundle:openamf.astranslator:1.5.8
INFO [Fri Sep 11 14:44:27 CEST 2015]:
start bundle:jfreechart:1.0.12
INFO [Fri Sep 11 14:44:27 CEST 2015]:
start bundle:w3c.dom:1.1.0
INFO [Fri Sep 11 14:44:27 CEST 2015]:
start bundle:sun.jndi.ldapbp:1.2.4
INFO [Fri Sep 11 14:44:27 CEST 2015]:
start bundle:apache.ws.axis.ant:1.4.0
INFO [Fri Sep 11 14:44:27 CEST 2015]:
start bundle:apache.xml.xerces:2.11.0
INFO [Fri Sep 11 14:44:27 CEST 2015]:
start bundle:apache.http.components.client:4.5.0.0001L
DEBUG [Fri Sep 11 14:44:27 CEST 2015]:
WIRE: [13.0] osgi.wiring.bundle; (&(osgi.wiring.bundle=apache.http.components.core)(bundle-version>=4.4.1)) -> [45.0]
INFO [Fri Sep 11 14:44:27 CEST 2015]:
start bundle:lowagie.itext:2.1.2.1
INFO [Fri Sep 11 14:44:27 CEST 2015]:
start bundle:org.apache.poi.ooxml:3.8.0
INFO [Fri Sep 11 14:44:27 CEST 2015]:
start bundle:jcifs:1.3.17
INFO [Fri Sep 11 14:44:27 CEST 2015]:
start bundle:org.apache.commons.lang:2.6.0
INFO [Fri Sep 11 14:44:27 CEST 2015]:
start bundle:sun.xml.saaj:1.2.1
INFO [Fri Sep 11 14:44:27 CEST 2015]:
start bundle:jffmpeg:1.4.2.09
INFO [Fri Sep 11 14:44:27 CEST 2015]:
start bundle:org.apache.commons.discovery:0.5.0
DEBUG [Fri Sep 11 14:44:27 CEST 2015]:
WIRE: [20.0] osgi.wiring.package; (osgi.wiring.package=org.apache.commons.logging) -> [60.0]
INFO [Fri Sep 11 14:44:27 CEST 2015]:
start bundle:sun.security.jaas:1.2.4
INFO [Fri Sep 11 14:44:27 CEST 2015]:
start bundle:jfreechart.patch:1.0.12
INFO [Fri Sep 11 14:44:27 CEST 2015]:
start bundle:flex.messaging.remoting:3.3.0.22497
INFO [Fri Sep 11 14:44:27 CEST 2015]:
start bundle:resolver:1.2.0
INFO [Fri Sep 11 14:44:27 CEST 2015]:
start bundle:org.apache.commons.logging.adapters:1.1.1
INFO [Fri Sep 11 14:44:27 CEST 2015]:
start bundle:org.apache.commons.collections4:4.0.0
DEBUG [Fri Sep 11 14:44:27 CEST 2015]:
WIRE: [26.0] osgi.wiring.package; (osgi.wiring.package=org.w3c.dom) -> [0]
INFO [Fri Sep 11 14:44:27 CEST 2015]:
start bundle:org.apache.poi:3.8.0
INFO [Fri Sep 11 14:44:27 CEST 2015]:
start bundle:sun.jai.codec:1.1.2
INFO [Fri Sep 11 14:44:27 CEST 2015]:
start bundle:jpedal.gpl:3.51.12
INFO [Fri Sep 11 14:44:27 CEST 2015]:
start bundle:tagsoup:1.2.1
INFO [Fri Sep 11 14:44:27 CEST 2015]:
start bundle:net.sf.ehcache:2.10.0
DEBUG [Fri Sep 11 14:44:27 CEST 2015]:
FRAGMENT WIRE: [86.0] osgi.wiring.host; (&(osgi.wiring.host=slf4j.api)(bundle-version>=0.0.0)) -> [76.0]
DEBUG [Fri Sep 11 14:44:27 CEST 2015]:
WIRE: [31.0] osgi.wiring.package; (osgi.wiring.package=javax.activation) -> [71.0]
DEBUG [Fri Sep 11 14:44:27 CEST 2015]:
WIRE: [31.0] osgi.wiring.package; (osgi.wiring.package=javax.management) -> [0]
DEBUG [Fri Sep 11 14:44:27 CEST 2015]:
WIRE: [31.0] osgi.wiring.package; (osgi.wiring.package=javax.management.openmbean) -> [0]
DEBUG [Fri Sep 11 14:44:27 CEST 2015]:
WIRE: [31.0] osgi.wiring.package; (osgi.wiring.package=javax.naming) -> [0]
DEBUG [Fri Sep 11 14:44:27 CEST 2015]:
WIRE: [31.0] osgi.wiring.package; (osgi.wiring.package=javax.net.ssl) -> [0]
DEBUG [Fri Sep 11 14:44:27 CEST 2015]:
WIRE: [31.0] osgi.wiring.package; (osgi.wiring.package=javax.swing.event) -> [0]
DEBUG [Fri Sep 11 14:44:27 CEST 2015]:
WIRE: [31.0] osgi.wiring.package; (osgi.wiring.package=javax.transaction.xa) -> [0]
DEBUG [Fri Sep 11 14:44:27 CEST 2015]:
WIRE: [31.0] osgi.wiring.package; (osgi.wiring.package=javax.xml.datatype) -> [5.0]
DEBUG [Fri Sep 11 14:44:27 CEST 2015]:
WIRE: [31.0] osgi.wiring.package; (osgi.wiring.package=javax.xml.namespace) -> [5.0]
DEBUG [Fri Sep 11 14:44:27 CEST 2015]:
WIRE: [31.0] osgi.wiring.package; (osgi.wiring.package=javax.xml.parsers) -> [5.0]
DEBUG [Fri Sep 11 14:44:27 CEST 2015]:
WIRE: [31.0] osgi.wiring.package; (osgi.wiring.package=javax.xml.stream) -> [34.0]
DEBUG [Fri Sep 11 14:44:27 CEST 2015]:
WIRE: [31.0] osgi.wiring.package; (osgi.wiring.package=javax.xml.transform.dom) -> [5.0]
DEBUG [Fri Sep 11 14:44:27 CEST 2015]:
WIRE: [31.0] osgi.wiring.package; (osgi.wiring.package=javax.xml.transform.sax) -> [5.0]
DEBUG [Fri Sep 11 14:44:27 CEST 2015]:
WIRE: [31.0] osgi.wiring.package; (osgi.wiring.package=javax.xml.transform.stream) -> [5.0]
DEBUG [Fri Sep 11 14:44:27 CEST 2015]:
WIRE: [31.0] osgi.wiring.package; (&(osgi.wiring.package=org.slf4j)(version>=1.7.0)(!(version>=2.0.0))) -> [76.0]
DEBUG [Fri Sep 11 14:44:27 CEST 2015]:
WIRE: [31.0] osgi.wiring.package; (osgi.wiring.package=org.xml.sax) -> [0]
DEBUG [Fri Sep 11 14:44:27 CEST 2015]:
WIRE: [31.0] osgi.wiring.package; (osgi.wiring.package=org.xml.sax.helpers) -> [0]
INFO [Fri Sep 11 14:44:27 CEST 2015]:
start bundle:apache.ws.axis:1.4.0.L004
DEBUG [Fri Sep 11 14:44:27 CEST 2015]:
WIRE: [46.0] osgi.wiring.package; (osgi.wiring.package=javax.crypto) -> [0]
DEBUG [Fri Sep 11 14:44:27 CEST 2015]:
WIRE: [46.0] osgi.wiring.package; (osgi.wiring.package=javax.crypto.spec) -> [0]
DEBUG [Fri Sep 11 14:44:27 CEST 2015]:
WIRE: [46.0] osgi.wiring.package; (osgi.wiring.package=javax.net) -> [0]
DEBUG [Fri Sep 11 14:44:27 CEST 2015]:
WIRE: [46.0] osgi.wiring.package; (osgi.wiring.package=javax.net.ssl) -> [0]
DEBUG [Fri Sep 11 14:44:27 CEST 2015]:
WIRE: [32.0] osgi.wiring.bundle; (&(osgi.wiring.bundle=sun.xml.wsdl4j)(bundle-version>=1.5.1)) -> [43.0]
DEBUG [Fri Sep 11 14:44:27 CEST 2015]:
WIRE: [32.0] osgi.wiring.bundle; (&(osgi.wiring.bundle=org.apache.commons.net)(bundle-version>=3.3.0)) -> [46.0]
DEBUG [Fri Sep 11 14:44:27 CEST 2015]:
WIRE: [32.0] osgi.wiring.bundle; (&(osgi.wiring.bundle=org.apache.commons.logging)(bundle-version>=1.1.1)) -> [60.0]
DEBUG [Fri Sep 11 14:44:27 CEST 2015]:
WIRE: [32.0] osgi.wiring.bundle; (&(osgi.wiring.bundle=sun.xml.jaxrpc)(bundle-version>=1.2.1)) -> [77.0]
DEBUG [Fri Sep 11 14:44:27 CEST 2015]:
WIRE: [32.0] osgi.wiring.bundle; (&(osgi.wiring.bundle=org.lucee.commons-httpclient)(bundle-version>=3.1.0)) -> [2.0]
DEBUG [Fri Sep 11 14:44:27 CEST 2015]:
WIRE: [32.0] osgi.wiring.bundle; (&(osgi.wiring.bundle=org.apache.commons.discovery)(bundle-version>=0.4.0)) -> [20.0]
INFO [Fri Sep 11 14:44:27 CEST 2015]:
start bundle:apache.xml.xalan:2.7.1
DEBUG [Fri Sep 11 14:44:27 CEST 2015]:
WIRE: [33.0] osgi.wiring.bundle; (&(osgi.wiring.bundle=serializer)(bundle-version>=2.7.1)) -> [54.0]
INFO [Fri Sep 11 14:44:27 CEST 2015]:
start bundle:stax.api:1.0.1
INFO [Fri Sep 11 14:44:27 CEST 2015]:
start bundle:apache.poi.tm.extractors:3.8.0
INFO [Fri Sep 11 14:44:27 CEST 2015]:
start bundle:jmimemagic:0.1.2
INFO [Fri Sep 11 14:44:27 CEST 2015]:
start bundle:javasysmon:0.3.3
INFO [Fri Sep 11 14:44:27 CEST 2015]:
start bundle:sun.jndi.providerutil:1.2.4
INFO [Fri Sep 11 14:44:27 CEST 2015]:
start bundle:ss.css2:0.9.4
INFO [Fri Sep 11 14:44:27 CEST 2015]:
start bundle:apache.http.components.mime:4.5.0
DEBUG [Fri Sep 11 14:44:27 CEST 2015]:
WIRE: [40.0] osgi.wiring.bundle; (&(osgi.wiring.bundle=apache.http.components.core)(bundle-version>=4.4.1)) -> [45.0]
INFO [Fri Sep 11 14:44:27 CEST 2015]:
start bundle:PDFRenderer:1.0.5
INFO [Fri Sep 11 14:44:27 CEST 2015]:
start bundle:org.apache.commons.email:1.2.0
DEBUG [Fri Sep 11 14:44:27 CEST 2015]:
WIRE: [42.0] osgi.wiring.package; (osgi.wiring.package=javax.activation) -> [71.0]
DEBUG [Fri Sep 11 14:44:27 CEST 2015]:
WIRE: [42.0] osgi.wiring.package; (osgi.wiring.package=javax.mail) -> [55.0]
DEBUG [Fri Sep 11 14:44:27 CEST 2015]:
WIRE: [42.0] osgi.wiring.package; (osgi.wiring.package=javax.mail.internet) -> [55.0]
DEBUG [Fri Sep 11 14:44:27 CEST 2015]:
WIRE: [42.0] osgi.wiring.package; (osgi.wiring.package=javax.naming) -> [0]
INFO [Fri Sep 11 14:44:27 CEST 2015]:
start bundle:sun.xml.wsdl4j:1.5.1
INFO [Fri Sep 11 14:44:27 CEST 2015]:
start bundle:bcprov.jdk14:1.36.0
INFO [Fri Sep 11 14:44:27 CEST 2015]:
start bundle:apache.http.components.core:4.4.1
INFO [Fri Sep 11 14:44:27 CEST 2015]:
start bundle:org.apache.commons.net:3.3.0
INFO [Fri Sep 11 14:44:27 CEST 2015]:
start bundle:org.apache.oro:2.0.8
INFO [Fri Sep 11 14:44:27 CEST 2015]:
start bundle:org.apache.commons.fileupload:1.2.1
DEBUG [Fri Sep 11 14:44:27 CEST 2015]:
WIRE: [48.0] osgi.wiring.package; (osgi.wiring.package=org.apache.commons.io) -> [56.0]
DEBUG [Fri Sep 11 14:44:27 CEST 2015]:
WIRE: [48.0] osgi.wiring.package; (osgi.wiring.package=org.apache.commons.io.output) -> [56.0]
INFO [Fri Sep 11 14:44:27 CEST 2015]:
start bundle:jcommon:1.0.10
INFO [Fri Sep 11 14:44:27 CEST 2015]:
start bundle:org.objectweb.asm.all:4.2.0
DEBUG [Fri Sep 11 14:44:27 CEST 2015]:
WIRE: [50.0] osgi.wiring.package; (osgi.wiring.package=javax.xml.transform) -> [5.0]
DEBUG [Fri Sep 11 14:44:27 CEST 2015]:
WIRE: [50.0] osgi.wiring.package; (osgi.wiring.package=javax.xml.transform.sax) -> [5.0]
DEBUG [Fri Sep 11 14:44:27 CEST 2015]:
WIRE: [50.0] osgi.wiring.package; (osgi.wiring.package=javax.xml.transform.stream) -> [5.0]
DEBUG [Fri Sep 11 14:44:27 CEST 2015]:
WIRE: [50.0] osgi.wiring.package; (osgi.wiring.package=org.xml.sax) -> [0]
DEBUG [Fri Sep 11 14:44:27 CEST 2015]:
WIRE: [50.0] osgi.wiring.package; (osgi.wiring.package=org.xml.sax.ext) -> [0]
DEBUG [Fri Sep 11 14:44:27 CEST 2015]:
WIRE: [50.0] osgi.wiring.package; (osgi.wiring.package=org.xml.sax.helpers) -> [0]
INFO [Fri Sep 11 14:44:27 CEST 2015]:
start bundle:concurrent:1.3.3
INFO [Fri Sep 11 14:44:27 CEST 2015]:
start bundle:javaparser:1.0.8
INFO [Fri Sep 11 14:44:27 CEST 2015]:
start bundle:metadata.extractor:2.6.4
INFO [Fri Sep 11 14:44:27 CEST 2015]:
start bundle:serializer:2.7.1
INFO [Fri Sep 11 14:44:27 CEST 2015]:
start bundle:sun.mail:1.3.3.01
INFO [Fri Sep 11 14:44:27 CEST 2015]:
start bundle:org.apache.commons.io:2.4.0
INFO [Fri Sep 11 14:44:27 CEST 2015]:
start bundle:icepdf.core:3.1.0.3
INFO [Fri Sep 11 14:44:27 CEST 2015]:
start bundle:flex.messaging.proxy:3.3.0.22497
INFO [Fri Sep 11 14:44:27 CEST 2015]:
start bundle:org.apache.pdfbox:1.8.9
DEBUG [Fri Sep 11 14:44:27 CEST 2015]:
WIRE: [78.0] osgi.wiring.package; (osgi.wiring.package=org.apache.commons.logging) -> [60.0]
DEBUG [Fri Sep 11 14:44:27 CEST 2015]:
WIRE: [59.0] osgi.wiring.package; (osgi.wiring.package=javax.crypto) -> [0]
DEBUG [Fri Sep 11 14:44:27 CEST 2015]:
WIRE: [59.0] osgi.wiring.package; (osgi.wiring.package=javax.crypto.spec) -> [0]
DEBUG [Fri Sep 11 14:44:27 CEST 2015]:
WIRE: [59.0] osgi.wiring.package; (osgi.wiring.package=javax.imageio) -> [0]
DEBUG [Fri Sep 11 14:44:27 CEST 2015]:
WIRE: [59.0] osgi.wiring.package; (osgi.wiring.package=javax.imageio.metadata) -> [0]
DEBUG [Fri Sep 11 14:44:27 CEST 2015]:
WIRE: [59.0] osgi.wiring.package; (osgi.wiring.package=javax.imageio.stream) -> [0]
DEBUG [Fri Sep 11 14:44:27 CEST 2015]:
WIRE: [59.0] osgi.wiring.package; (osgi.wiring.package=javax.print) -> [0]
DEBUG [Fri Sep 11 14:44:27 CEST 2015]:
WIRE: [59.0] osgi.wiring.package; (osgi.wiring.package=javax.swing) -> [0]
DEBUG [Fri Sep 11 14:44:27 CEST 2015]:
WIRE: [59.0] osgi.wiring.package; (osgi.wiring.package=javax.swing.border) -> [0]
DEBUG [Fri Sep 11 14:44:27 CEST 2015]:
WIRE: [59.0] osgi.wiring.package; (osgi.wiring.package=javax.swing.event) -> [0]
DEBUG [Fri Sep 11 14:44:27 CEST 2015]:
WIRE: [59.0] osgi.wiring.package; (osgi.wiring.package=javax.swing.filechooser) -> [0]
DEBUG [Fri Sep 11 14:44:27 CEST 2015]:
WIRE: [59.0] osgi.wiring.package; (osgi.wiring.package=javax.swing.tree) -> [0]
DEBUG [Fri Sep 11 14:44:27 CEST 2015]:
WIRE: [59.0] osgi.wiring.package; (osgi.wiring.package=javax.xml.parsers) -> [5.0]
DEBUG [Fri Sep 11 14:44:27 CEST 2015]:
WIRE: [59.0] osgi.wiring.package; (osgi.wiring.package=javax.xml.transform) -> [5.0]
DEBUG [Fri Sep 11 14:44:27 CEST 2015]:
WIRE: [59.0] osgi.wiring.package; (osgi.wiring.package=javax.xml.transform.dom) -> [5.0]
DEBUG [Fri Sep 11 14:44:27 CEST 2015]:
WIRE: [59.0] osgi.wiring.package; (osgi.wiring.package=javax.xml.transform.stream) -> [5.0]
DEBUG [Fri Sep 11 14:44:27 CEST 2015]:
WIRE: [59.0] osgi.wiring.package; (osgi.wiring.package=org.apache.commons.logging) -> [60.0]
DEBUG [Fri Sep 11 14:44:27 CEST 2015]:
WIRE: [59.0] osgi.wiring.package; (&(osgi.wiring.package=org.apache.fontbox.afm)(version>=1.8.0)(!(version>=2.0.0))) -> [78.0]
DEBUG [Fri Sep 11 14:44:27 CEST 2015]:
WIRE: [59.0] osgi.wiring.package; (&(osgi.wiring.package=org.apache.fontbox.cff)(version>=1.8.0)(!(version>=2.0.0))) -> [78.0]
DEBUG [Fri Sep 11 14:44:27 CEST 2015]:
WIRE: [59.0] osgi.wiring.package; (&(osgi.wiring.package=org.apache.fontbox.cff.charset)(version>=1.8.0)(!(version>=2.0.0))) -> [78.0]
DEBUG [Fri Sep 11 14:44:27 CEST 2015]:
WIRE: [59.0] osgi.wiring.package; (&(osgi.wiring.package=org.apache.fontbox.cff.encoding)(version>=1.8.0)(!(version>=2.0.0))) -> [78.0]
DEBUG [Fri Sep 11 14:44:27 CEST 2015]:
WIRE: [59.0] osgi.wiring.package; (&(osgi.wiring.package=org.apache.fontbox.cmap)(version>=1.8.0)(!(version>=2.0.0))) -> [78.0]
DEBUG [Fri Sep 11 14:44:27 CEST 2015]:
WIRE: [59.0] osgi.wiring.package; (&(osgi.wiring.package=org.apache.fontbox.pfb)(version>=1.8.0)(!(version>=2.0.0))) -> [78.0]
DEBUG [Fri Sep 11 14:44:27 CEST 2015]:
WIRE: [59.0] osgi.wiring.package; (&(osgi.wiring.package=org.apache.fontbox.ttf)(version>=1.8.0)(!(version>=2.0.0))) -> [78.0]
DEBUG [Fri Sep 11 14:44:27 CEST 2015]:
WIRE: [59.0] osgi.wiring.package; (&(osgi.wiring.package=org.apache.fontbox.util)(version>=1.8.0)(!(version>=2.0.0))) -> [78.0]
DEBUG [Fri Sep 11 14:44:27 CEST 2015]:
WIRE: [59.0] osgi.wiring.package; (&(osgi.wiring.package=org.apache.jempbox.xmp)(version>=1.8.0)(!(version>=2.0.0))) -> [6.0]
DEBUG [Fri Sep 11 14:44:27 CEST 2015]:
WIRE: [59.0] osgi.wiring.package; (osgi.wiring.package=org.bouncycastle.asn1) -> [44.0]
DEBUG [Fri Sep 11 14:44:27 CEST 2015]:
WIRE: [59.0] osgi.wiring.package; (osgi.wiring.package=org.bouncycastle.asn1.cms) -> [44.0]
DEBUG [Fri Sep 11 14:44:27 CEST 2015]:
WIRE: [59.0] osgi.wiring.package; (osgi.wiring.package=org.bouncycastle.asn1.pkcs) -> [44.0]
DEBUG [Fri Sep 11 14:44:27 CEST 2015]:
WIRE: [59.0] osgi.wiring.package; (osgi.wiring.package=org.bouncycastle.asn1.x509) -> [44.0]
DEBUG [Fri Sep 11 14:44:27 CEST 2015]:
WIRE: [59.0] osgi.wiring.package; (osgi.wiring.package=org.bouncycastle.jce.provider) -> [44.0]
DEBUG [Fri Sep 11 14:44:27 CEST 2015]:
WIRE: [59.0] osgi.wiring.package; (osgi.wiring.package=org.w3c.dom) -> [0]
DEBUG [Fri Sep 11 14:44:27 CEST 2015]:
WIRE: [59.0] osgi.wiring.package; (osgi.wiring.package=org.xml.sax) -> [0]
INFO [Fri Sep 11 14:44:27 CEST 2015]:
start bundle:org.apache.commons.logging:1.1.1
INFO [Fri Sep 11 14:44:27 CEST 2015]:
start bundle:jencrypt:1.4.2.04
INFO [Fri Sep 11 14:44:27 CEST 2015]:
start bundle:xmlparserv2:1.2.2
INFO [Fri Sep 11 14:44:27 CEST 2015]:
start bundle:org.apache.commons.compress:1.9.0
INFO [Fri Sep 11 14:44:27 CEST 2015]:
start bundle:flex.messaging.core:3.3.0.22497
INFO [Fri Sep 11 14:44:27 CEST 2015]:
start bundle:sun.jai.core:1.2.1
INFO [Fri Sep 11 14:44:27 CEST 2015]:
start bundle:org.apache.sanselan.sanselan:0.97.0.incubator
INFO [Fri Sep 11 14:44:27 CEST 2015]:
start bundle:org.apache.commons.codec:1.6.0
INFO [Fri Sep 11 14:44:27 CEST 2015]:
start bundle:jacob:1.16.1
INFO [Fri Sep 11 14:44:27 CEST 2015]:
start bundle:log4j:1.2.17
DEBUG [Fri Sep 11 14:44:27 CEST 2015]:
WIRE: [69.0] osgi.wiring.package; (osgi.wiring.package=javax.mail) -> [55.0]
DEBUG [Fri Sep 11 14:44:27 CEST 2015]:
WIRE: [69.0] osgi.wiring.package; (osgi.wiring.package=javax.mail.internet) -> [55.0]
DEBUG [Fri Sep 11 14:44:27 CEST 2015]:
WIRE: [69.0] osgi.wiring.package; (osgi.wiring.package=javax.management) -> [0]
DEBUG [Fri Sep 11 14:44:27 CEST 2015]:
WIRE: [69.0] osgi.wiring.package; (osgi.wiring.package=javax.naming) -> [0]
DEBUG [Fri Sep 11 14:44:27 CEST 2015]:
WIRE: [69.0] osgi.wiring.package; (osgi.wiring.package=javax.xml.parsers) -> [5.0]
DEBUG [Fri Sep 11 14:44:27 CEST 2015]:
WIRE: [69.0] osgi.wiring.package; (osgi.wiring.package=org.w3c.dom) -> [0]
DEBUG [Fri Sep 11 14:44:27 CEST 2015]:
WIRE: [69.0] osgi.wiring.package; (osgi.wiring.package=org.xml.sax) -> [0]
DEBUG [Fri Sep 11 14:44:27 CEST 2015]:
WIRE: [69.0] osgi.wiring.package; (osgi.wiring.package=org.xml.sax.helpers) -> [0]
INFO [Fri Sep 11 14:44:27 CEST 2015]:
start bundle:org.joda.time:2.1.0
INFO [Fri Sep 11 14:44:27 CEST 2015]:
start bundle:sun.activation:1.1.0
INFO [Fri Sep 11 14:44:27 CEST 2015]:
start bundle:hsqldb:1.8.0
INFO [Fri Sep 11 14:44:27 CEST 2015]:
start bundle:apache.poi.ooxml.schemas:3.8.0
INFO [Fri Sep 11 14:44:27 CEST 2015]:
start bundle:ojdbc14:0.0.0
INFO [Fri Sep 11 14:44:27 CEST 2015]:
start bundle:org.apache.commons.logging.api:1.1.1
INFO [Fri Sep 11 14:44:27 CEST 2015]:
start bundle:slf4j.api:1.7.12
INFO [Fri Sep 11 14:44:27 CEST 2015]:
start bundle:sun.xml.jaxrpc:1.2.1
INFO [Fri Sep 11 14:44:27 CEST 2015]:
start bundle:org.apache.pdfbox.fontbox:1.8.9
INFO [Fri Sep 11 14:44:27 CEST 2015]:
start bundle:backport.util.concurrent:2.2.0
INFO [Fri Sep 11 14:44:27 CEST 2015]:
start bundle:xdb:1.0.0
INFO [Fri Sep 11 14:44:27 CEST 2015]:
start bundle:xmlbeans:2.3.0.r540734
INFO [Fri Sep 11 14:44:27 CEST 2015]:
start bundle:sun.jndi.ldap:1.2.4
INFO [Fri Sep 11 14:44:27 CEST 2015]:
start bundle:fusiondebug.api.server:1.0.20
INFO [Fri Sep 11 14:44:27 CEST 2015]:
start bundle:flex.messaging.common:3.3.0.22497
INFO [Fri Sep 11 14:44:27 CEST 2015]:
start bundle:ESAPI:2.1.0
INFO [Fri Sep 11 14:44:27 CEST 2015]:
start bundle:lucee.core:5.0.0.73-SNAPSHOT
DEBUG [Fri Sep 11 14:44:27 CEST 2015]:
WIRE: [87.0] osgi.wiring.bundle; (&(osgi.wiring.bundle=org.apache.sanselan.sanselan)(bundle-version>=0.97.0.incubator)) -> [66.0]
DEBUG [Fri Sep 11 14:44:27 CEST 2015]:
WIRE: [87.0] osgi.wiring.bundle; (&(osgi.wiring.bundle=org.apache.commons.codec)(bundle-version>=1.6.0)) -> [67.0]
DEBUG [Fri Sep 11 14:44:27 CEST 2015]:
WIRE: [87.0] osgi.wiring.bundle; (&(osgi.wiring.bundle=org.apache.commons.collections4)(bundle-version>=4.0.0)) -> [26.0]
DEBUG [Fri Sep 11 14:44:27 CEST 2015]:
WIRE: [87.0] osgi.wiring.bundle; (&(osgi.wiring.bundle=org.apache.commons.compress)(bundle-version>=1.9.0)) -> [63.0]
DEBUG [Fri Sep 11 14:44:27 CEST 2015]:
WIRE: [87.0] osgi.wiring.bundle; (&(osgi.wiring.bundle=org.apache.commons.discovery)(bundle-version>=0.5.0)) -> [20.0]
DEBUG [Fri Sep 11 14:44:27 CEST 2015]:
WIRE: [87.0] osgi.wiring.bundle; (&(osgi.wiring.bundle=org.apache.commons.email)(bundle-version>=1.2.0)) -> [42.0]
DEBUG [Fri Sep 11 14:44:27 CEST 2015]:
WIRE: [87.0] osgi.wiring.bundle; (&(osgi.wiring.bundle=org.apache.commons.fileupload)(bundle-version>=1.2.1)) -> [48.0]
DEBUG [Fri Sep 11 14:44:27 CEST 2015]:
WIRE: [87.0] osgi.wiring.bundle; (&(osgi.wiring.bundle=org.lucee.commons-httpclient)(bundle-version>=3.1.0)) -> [2.0]
DEBUG [Fri Sep 11 14:44:27 CEST 2015]:
WIRE: [87.0] osgi.wiring.bundle; (&(osgi.wiring.bundle=org.apache.commons.io)(bundle-version>=2.4.0)) -> [56.0]
DEBUG [Fri Sep 11 14:44:27 CEST 2015]:
WIRE: [87.0] osgi.wiring.bundle; (&(osgi.wiring.bundle=org.apache.commons.lang)(bundle-version>=2.6.0)) -> [17.0]
DEBUG [Fri Sep 11 14:44:27 CEST 2015]:
WIRE: [87.0] osgi.wiring.bundle; (&(osgi.wiring.bundle=org.apache.commons.logging.adapters)(bundle-version>=1.1.1)) -> [25.0]
DEBUG [Fri Sep 11 14:44:27 CEST 2015]:
WIRE: [87.0] osgi.wiring.bundle; (&(osgi.wiring.bundle=org.apache.commons.logging.api)(bundle-version>=1.1.1)) -> [75.0]
DEBUG [Fri Sep 11 14:44:27 CEST 2015]:
WIRE: [87.0] osgi.wiring.bundle; (&(osgi.wiring.bundle=org.apache.commons.logging)(bundle-version>=1.1.1)) -> [60.0]
DEBUG [Fri Sep 11 14:44:27 CEST 2015]:
WIRE: [87.0] osgi.wiring.bundle; (&(osgi.wiring.bundle=org.apache.commons.net)(bundle-version>=3.3.0)) -> [46.0]
DEBUG [Fri Sep 11 14:44:27 CEST 2015]:
WIRE: [87.0] osgi.wiring.bundle; (&(osgi.wiring.bundle=org.apache.oro)(bundle-version>=2.0.8)) -> [47.0]
DEBUG [Fri Sep 11 14:44:27 CEST 2015]:
WIRE: [87.0] osgi.wiring.bundle; (&(osgi.wiring.bundle=log4j)(bundle-version>=1.2.17)) -> [69.0]
DEBUG [Fri Sep 11 14:44:27 CEST 2015]:
WIRE: [87.0] osgi.wiring.bundle; (&(osgi.wiring.bundle=apache.poi.ooxml.schemas)(bundle-version>=3.8.0)) -> [73.0]
DEBUG [Fri Sep 11 14:44:27 CEST 2015]:
WIRE: [87.0] osgi.wiring.bundle; (&(osgi.wiring.bundle=org.apache.poi.ooxml)(bundle-version>=3.8.0)) -> [15.0]
DEBUG [Fri Sep 11 14:44:27 CEST 2015]:
WIRE: [87.0] osgi.wiring.bundle; (&(osgi.wiring.bundle=apache.poi.tm.extractors)(bundle-version>=3.8.0)) -> [35.0]
DEBUG [Fri Sep 11 14:44:27 CEST 2015]:
WIRE: [87.0] osgi.wiring.bundle; (&(osgi.wiring.bundle=org.apache.poi)(bundle-version>=3.8.0)) -> [27.0]
DEBUG [Fri Sep 11 14:44:27 CEST 2015]:
WIRE: [87.0] osgi.wiring.bundle; (&(osgi.wiring.bundle=apache.ws.axis.ant)(bundle-version>=1.4.0)) -> [11.0]
DEBUG [Fri Sep 11 14:44:27 CEST 2015]:
WIRE: [87.0] osgi.wiring.bundle; (&(osgi.wiring.bundle=apache.ws.axis)(bundle-version>=1.4.0.L004)) -> [32.0]
DEBUG [Fri Sep 11 14:44:27 CEST 2015]:
WIRE: [87.0] osgi.wiring.bundle; (&(osgi.wiring.bundle=apache.xml.xalan)(bundle-version>=2.7.1)) -> [33.0]
DEBUG [Fri Sep 11 14:44:27 CEST 2015]:
WIRE: [87.0] osgi.wiring.bundle; (&(osgi.wiring.bundle=apache.xml.xerces)(bundle-version>=2.11.0)) -> [12.0]
DEBUG [Fri Sep 11 14:44:27 CEST 2015]:
WIRE: [87.0] osgi.wiring.bundle; (&(osgi.wiring.bundle=backport.util.concurrent)(bundle-version>=2.2.0)) -> [79.0]
DEBUG [Fri Sep 11 14:44:27 CEST 2015]:
WIRE: [87.0] osgi.wiring.bundle; (&(osgi.wiring.bundle=bcprov.jdk14)(bundle-version>=1.36.0)) -> [44.0]
DEBUG [Fri Sep 11 14:44:27 CEST 2015]:
WIRE: [87.0] osgi.wiring.bundle; (&(osgi.wiring.bundle=concurrent)(bundle-version>=1.3.3)) -> [51.0]
DEBUG [Fri Sep 11 14:44:27 CEST 2015]:
WIRE: [87.0] osgi.wiring.bundle; (&(osgi.wiring.bundle=net.sf.ehcache)(bundle-version>=2.10.0)) -> [31.0]
DEBUG [Fri Sep 11 14:44:27 CEST 2015]:
WIRE: [87.0] osgi.wiring.bundle; (&(osgi.wiring.bundle=ESAPI)(bundle-version>=2.1.0)) -> [85.0]
DEBUG [Fri Sep 11 14:44:27 CEST 2015]:
WIRE: [87.0] osgi.wiring.bundle; (&(osgi.wiring.bundle=flex.messaging.common)(bundle-version>=3.3.0.22497)) -> [84.0]
DEBUG [Fri Sep 11 14:44:27 CEST 2015]:
WIRE: [87.0] osgi.wiring.bundle; (&(osgi.wiring.bundle=flex.messaging.core)(bundle-version>=3.3.0.22497)) -> [64.0]
DEBUG [Fri Sep 11 14:44:27 CEST 2015]:
WIRE: [87.0] osgi.wiring.bundle; (&(osgi.wiring.bundle=flex.messaging.opt)(bundle-version>=3.3.0.22497)) -> [1.0]
DEBUG [Fri Sep 11 14:44:27 CEST 2015]:
WIRE: [87.0] osgi.wiring.bundle; (&(osgi.wiring.bundle=flex.messaging.proxy)(bundle-version>=3.3.0.22497)) -> [58.0]
DEBUG [Fri Sep 11 14:44:27 CEST 2015]:
WIRE: [87.0] osgi.wiring.bundle; (&(osgi.wiring.bundle=flex.messaging.remoting)(bundle-version>=3.3.0.22497)) -> [23.0]
DEBUG [Fri Sep 11 14:44:27 CEST 2015]:
WIRE: [87.0] osgi.wiring.bundle; (&(osgi.wiring.bundle=fusiondebug.api.server)(bundle-version>=1.0.20)) -> [83.0]
DEBUG [Fri Sep 11 14:44:27 CEST 2015]:
WIRE: [87.0] osgi.wiring.bundle; (&(osgi.wiring.bundle=apache.http.components.client)(bundle-version>=4.5.0.0001L)) -> [13.0]
DEBUG [Fri Sep 11 14:44:27 CEST 2015]:
WIRE: [87.0] osgi.wiring.bundle; (&(osgi.wiring.bundle=apache.http.components.core)(bundle-version>=4.4.1)) -> [45.0]
DEBUG [Fri Sep 11 14:44:27 CEST 2015]:
WIRE: [87.0] osgi.wiring.bundle; (&(osgi.wiring.bundle=apache.http.components.mime)(bundle-version>=4.5.0)) -> [40.0]
DEBUG [Fri Sep 11 14:44:27 CEST 2015]:
WIRE: [87.0] osgi.wiring.bundle; (&(osgi.wiring.bundle=hsqldb)(bundle-version>=1.8.0)) -> [72.0]
DEBUG [Fri Sep 11 14:44:27 CEST 2015]:
WIRE: [87.0] osgi.wiring.bundle; (&(osgi.wiring.bundle=icepdf.core)(bundle-version>=3.1.0.3)) -> [57.0]
DEBUG [Fri Sep 11 14:44:27 CEST 2015]:
WIRE: [87.0] osgi.wiring.bundle; (&(osgi.wiring.bundle=jacob)(bundle-version>=1.16.1)) -> [68.0]
DEBUG [Fri Sep 11 14:44:27 CEST 2015]:
WIRE: [87.0] osgi.wiring.bundle; (&(osgi.wiring.bundle=javaparser)(bundle-version>=1.0.8)) -> [52.0]
DEBUG [Fri Sep 11 14:44:27 CEST 2015]:
WIRE: [87.0] osgi.wiring.bundle; (&(osgi.wiring.bundle=javasysmon)(bundle-version>=0.3.3)) -> [37.0]
DEBUG [Fri Sep 11 14:44:27 CEST 2015]:
WIRE: [87.0] osgi.wiring.bundle; (&(osgi.wiring.bundle=jcifs)(bundle-version>=1.3.17)) -> [16.0]
DEBUG [Fri Sep 11 14:44:27 CEST 2015]:
WIRE: [87.0] osgi.wiring.bundle; (&(osgi.wiring.bundle=jcommon)(bundle-version>=1.0.10)) -> [49.0]
DEBUG [Fri Sep 11 14:44:27 CEST 2015]:
WIRE: [87.0] osgi.wiring.bundle; (&(osgi.wiring.bundle=jencrypt)(bundle-version>=1.4.2.04)) -> [61.0]
DEBUG [Fri Sep 11 14:44:27 CEST 2015]:
WIRE: [87.0] osgi.wiring.bundle; (&(osgi.wiring.bundle=jffmpeg)(bundle-version>=1.4.2.09)) -> [19.0]
DEBUG [Fri Sep 11 14:44:27 CEST 2015]:
WIRE: [87.0] osgi.wiring.bundle; (&(osgi.wiring.bundle=jfreechart.patch)(bundle-version>=1.0.12)) -> [22.0]
DEBUG [Fri Sep 11 14:44:27 CEST 2015]:
WIRE: [87.0] osgi.wiring.bundle; (&(osgi.wiring.bundle=jfreechart)(bundle-version>=1.0.12)) -> [8.0]
DEBUG [Fri Sep 11 14:44:27 CEST 2015]:
WIRE: [87.0] osgi.wiring.bundle; (&(osgi.wiring.bundle=jmimemagic)(bundle-version>=0.1.2)) -> [36.0]
DEBUG [Fri Sep 11 14:44:27 CEST 2015]:
WIRE: [87.0] osgi.wiring.bundle; (&(osgi.wiring.bundle=org.joda.time)(bundle-version>=2.1.0)) -> [70.0]
DEBUG [Fri Sep 11 14:44:27 CEST 2015]:
WIRE: [87.0] osgi.wiring.bundle; (&(osgi.wiring.bundle=jpedal.gpl)(bundle-version>=3.51.12)) -> [29.0]
DEBUG [Fri Sep 11 14:44:27 CEST 2015]:
WIRE: [87.0] osgi.wiring.bundle; (&(osgi.wiring.bundle=lowagie.itext)(bundle-version>=2.1.2.1)) -> [14.0]
DEBUG [Fri Sep 11 14:44:27 CEST 2015]:
WIRE: [87.0] osgi.wiring.bundle; (&(osgi.wiring.bundle=metadata.extractor)(bundle-version>=2.6.4)) -> [53.0]
DEBUG [Fri Sep 11 14:44:27 CEST 2015]:
WIRE: [87.0] osgi.wiring.bundle; (&(osgi.wiring.bundle=org.objectweb.asm.all)(bundle-version>=4.2.0)) -> [50.0]
DEBUG [Fri Sep 11 14:44:27 CEST 2015]:
WIRE: [87.0] osgi.wiring.bundle; (&(osgi.wiring.bundle=ojdbc14)(bundle-version>=0.0.0)) -> [74.0]
DEBUG [Fri Sep 11 14:44:27 CEST 2015]:
WIRE: [87.0] osgi.wiring.bundle; (&(osgi.wiring.bundle=openamf.astranslator)(bundle-version>=1.5.8)) -> [7.0]
DEBUG [Fri Sep 11 14:44:27 CEST 2015]:
WIRE: [87.0] osgi.wiring.bundle; (&(osgi.wiring.bundle=openamf)(bundle-version>=1.5.8)) -> [3.0]
DEBUG [Fri Sep 11 14:44:27 CEST 2015]:
WIRE: [87.0] osgi.wiring.bundle; (&(osgi.wiring.bundle=org.apache.pdfbox)(bundle-version>=1.8.9)) -> [59.0]
DEBUG [Fri Sep 11 14:44:27 CEST 2015]:
WIRE: [87.0] osgi.wiring.bundle; (&(osgi.wiring.bundle=org.apache.pdfbox.fontbox)(bundle-version>=1.8.9)) -> [78.0]
DEBUG [Fri Sep 11 14:44:27 CEST 2015]:
WIRE: [87.0] osgi.wiring.bundle; (&(osgi.wiring.bundle=org.apache.pdfbox.jempbox)(bundle-version>=1.8.9)) -> [6.0]
DEBUG [Fri Sep 11 14:44:27 CEST 2015]:
WIRE: [87.0] osgi.wiring.bundle; (&(osgi.wiring.bundle=PDFRenderer)(bundle-version>=1.0.5)) -> [41.0]
DEBUG [Fri Sep 11 14:44:27 CEST 2015]:
WIRE: [87.0] osgi.wiring.bundle; (&(osgi.wiring.bundle=resolver)(bundle-version>=1.2.0)) -> [24.0]
DEBUG [Fri Sep 11 14:44:27 CEST 2015]:
WIRE: [87.0] osgi.wiring.bundle; (&(osgi.wiring.bundle=serializer)(bundle-version>=2.7.1)) -> [54.0]
DEBUG [Fri Sep 11 14:44:27 CEST 2015]:
WIRE: [87.0] osgi.wiring.bundle; (&(osgi.wiring.bundle=slf4j.api)(bundle-version>=1.7.12)) -> [76.0]
DEBUG [Fri Sep 11 14:44:27 CEST 2015]:
WIRE: [87.0] osgi.wiring.bundle; (&(osgi.wiring.bundle=ss.css2)(bundle-version>=0.9.4)) -> [39.0]
DEBUG [Fri Sep 11 14:44:27 CEST 2015]:
WIRE: [87.0] osgi.wiring.bundle; (&(osgi.wiring.bundle=stax.api)(bundle-version>=1.0.1)) -> [34.0]
DEBUG [Fri Sep 11 14:44:27 CEST 2015]:
WIRE: [87.0] osgi.wiring.bundle; (&(osgi.wiring.bundle=sun.activation)(bundle-version>=1.1.0)) -> [71.0]
DEBUG [Fri Sep 11 14:44:27 CEST 2015]:
WIRE: [87.0] osgi.wiring.bundle; (&(osgi.wiring.bundle=sun.jai.codec)(bundle-version>=1.1.2)) -> [28.0]
DEBUG [Fri Sep 11 14:44:27 CEST 2015]:
WIRE: [87.0] osgi.wiring.bundle; (&(osgi.wiring.bundle=sun.jai.core)(bundle-version>=1.2.1)) -> [65.0]
DEBUG [Fri Sep 11 14:44:27 CEST 2015]:
WIRE: [87.0] osgi.wiring.bundle; (&(osgi.wiring.bundle=sun.jndi.ldap)(bundle-version>=1.2.4)) -> [82.0]
DEBUG [Fri Sep 11 14:44:27 CEST 2015]:
WIRE: [87.0] osgi.wiring.bundle; (&(osgi.wiring.bundle=sun.jndi.ldapbp)(bundle-version>=1.2.4)) -> [10.0]
DEBUG [Fri Sep 11 14:44:27 CEST 2015]:
WIRE: [87.0] osgi.wiring.bundle; (&(osgi.wiring.bundle=sun.jndi.ldapsec)(bundle-version>=1.2.4)) -> [4.0]
DEBUG [Fri Sep 11 14:44:27 CEST 2015]:
WIRE: [87.0] osgi.wiring.bundle; (&(osgi.wiring.bundle=sun.jndi.providerutil)(bundle-version>=1.2.4)) -> [38.0]
DEBUG [Fri Sep 11 14:44:27 CEST 2015]:
WIRE: [87.0] osgi.wiring.bundle; (&(osgi.wiring.bundle=sun.mail)(bundle-version>=1.3.3.01)) -> [55.0]
DEBUG [Fri Sep 11 14:44:27 CEST 2015]:
WIRE: [87.0] osgi.wiring.bundle; (&(osgi.wiring.bundle=sun.security.jaas)(bundle-version>=1.2.4)) -> [21.0]
DEBUG [Fri Sep 11 14:44:27 CEST 2015]:
WIRE: [87.0] osgi.wiring.bundle; (&(osgi.wiring.bundle=sun.xml.jaxrpc)(bundle-version>=1.2.1)) -> [77.0]
DEBUG [Fri Sep 11 14:44:27 CEST 2015]:
WIRE: [87.0] osgi.wiring.bundle; (&(osgi.wiring.bundle=sun.xml.wsdl4j)(bundle-version>=1.5.1)) -> [43.0]
DEBUG [Fri Sep 11 14:44:27 CEST 2015]:
WIRE: [87.0] osgi.wiring.bundle; (&(osgi.wiring.bundle=sun.xml.saaj)(bundle-version>=1.2.1)) -> [18.0]
DEBUG [Fri Sep 11 14:44:27 CEST 2015]:
WIRE: [87.0] osgi.wiring.bundle; (&(osgi.wiring.bundle=tagsoup)(bundle-version>=1.2.1)) -> [30.0]
DEBUG [Fri Sep 11 14:44:27 CEST 2015]:
WIRE: [87.0] osgi.wiring.bundle; (&(osgi.wiring.bundle=w3c.dom)(bundle-version>=1.1.0)) -> [9.0]
DEBUG [Fri Sep 11 14:44:27 CEST 2015]:
WIRE: [87.0] osgi.wiring.bundle; (&(osgi.wiring.bundle=xdb)(bundle-version>=1.0.0)) -> [80.0]
DEBUG [Fri Sep 11 14:44:27 CEST 2015]:
WIRE: [87.0] osgi.wiring.bundle; (&(osgi.wiring.bundle=xml.apis)(bundle-version>=1.3.2)) -> [5.0]
DEBUG [Fri Sep 11 14:44:27 CEST 2015]:
WIRE: [87.0] osgi.wiring.bundle; (&(osgi.wiring.bundle=xmlbeans)(bundle-version>=2.3.0.r540734)) -> [81.0]
DEBUG [Fri Sep 11 14:44:27 CEST 2015]:
WIRE: [87.0] osgi.wiring.bundle; (&(osgi.wiring.bundle=xmlparserv2)(bundle-version>=1.2.2)) -> [62.0]
DEBUG [Fri Sep 11 14:44:27 CEST 2015]:
loaded bundle:lucee.core
DEBUG [Fri Sep 11 14:44:27 CEST 2015]:
state:ACTIVE
DEBUG [Fri Sep 11 14:44:27 CEST 2015]:
org.osgi.framework.bootdelegation:org.apache.felix.framework,org.w3c.*,org.w3c.dom.*,lucee,lucee.*,lucee.loader.engine,org.osgi.*,javax.*,org.xml.*,sun.*,coldfusion.*,com.allaire.cfx,com.integral.fusiondebug.server,org.apache.xalan.*,org.apache.xerces.*,org.apache.xml.*
DEBUG [Fri Sep 11 14:44:27 CEST 2015]:
felix.cache.rootdir:/Users/mic/Projects/Lucee/Lucee5/temp/archive/base/lucee-server
DEBUG [Fri Sep 11 14:44:27 CEST 2015]:
class:lucee.runtime.engine.CFMLEngineImpl
DEBUG [Fri Sep 11 14:44:27 CEST 2015]:
Bundle lucee.core [87] META-INF/services/org.apache.xerces.xni.parser.XMLParserConfiguration not found by lucee.core [87]
DEBUG [Fri Sep 11 14:44:27 CEST 2015]:
Bundle lucee.core [87] META-INF/services/org.apache.xerces.xni.parser.XMLParserConfiguration not found by lucee.core [87]
DEBUG [Fri Sep 11 14:44:27 CEST 2015]:
Bundle lucee.core [87] META-INF/services/org.apache.xerces.xni.parser.XMLParserConfiguration not found by lucee.core [87]
DEBUG [Fri Sep 11 14:44:27 CEST 2015]:
Bundle lucee.core [87] META-INF/services/org.apache.xerces.xni.parser.XMLParserConfiguration not found by lucee.core [87]
DEBUG [Fri Sep 11 14:44:27 CEST 2015]:
Bundle lucee.core [87] META-INF/services/org.apache.xerces.xni.parser.XMLParserConfiguration not found by lucee.core [87]
DEBUG [Fri Sep 11 14:44:27 CEST 2015]:
Bundle lucee.core [87] META-INF/services/org.apache.xerces.xni.parser.XMLParserConfiguration not found by lucee.core [87]
DEBUG [Fri Sep 11 14:44:27 CEST 2015]:
Bundle lucee.core [87] META-INF/services/org.apache.xerces.xni.parser.XMLParserConfiguration not found by lucee.core [87]
DEBUG [Fri Sep 11 14:44:27 CEST 2015]:
Bundle lucee.core [87] META-INF/services/org.apache.xerces.xni.parser.XMLParserConfiguration not found by lucee.core [87]
DEBUG [Fri Sep 11 14:44:27 CEST 2015]:
Bundle lucee.core [87] META-INF/services/org.apache.xerces.xni.parser.XMLParserConfiguration not found by lucee.core [87]
DEBUG [Fri Sep 11 14:44:27 CEST 2015]:
Bundle lucee.core [87] log4j.xml not found by lucee.core [87]
DEBUG [Fri Sep 11 14:44:27 CEST 2015]:
Bundle log4j [69] log4j.xml not found by log4j [69]
DEBUG [Fri Sep 11 14:44:27 CEST 2015]:
Bundle lucee.core [87] log4j.properties not found by lucee.core [87]
DEBUG [Fri Sep 11 14:44:27 CEST 2015]:
Bundle log4j [69] log4j.properties not found by log4j [69]
DEBUG [Fri Sep 11 14:44:27 CEST 2015]:
loaded engine:lucee.loader.engine.CFMLEngineWrapper@10b892d5
DEBUG [Fri Sep 11 14:44:27 CEST 2015]:
Loaded Lucee Version 5.0.0.73-SNAPSHOT
DEBUG [Fri Sep 11 14:44:27 CEST 2015]:
Bundle lucee.core [87] META-INF/services/org.apache.xerces.xni.parser.XMLParserConfiguration not found by lucee.core [87]
DEBUG [Fri Sep 11 14:44:27 CEST 2015]:
Bundle lucee.core [87] META-INF/services/org.apache.xerces.xni.parser.XMLParserConfiguration not found by lucee.core [87]
DEBUG [Fri Sep 11 14:44:27 CEST 2015]:
Bundle lucee.core [87] META-INF/services/org.apache.xerces.xni.parser.XMLParserConfiguration not found by lucee.core [87]
DEBUG [Fri Sep 11 14:44:28 CEST 2015]:
Bundle lucee.core [87] META-INF/services/org.apache.xerces.xni.parser.XMLParserConfiguration not found by lucee.core [87]
DEBUG [Fri Sep 11 14:44:28 CEST 2015]:
Bundle lucee.core [87] META-INF/services/org.apache.xerces.xni.parser.XMLParserConfiguration not found by lucee.core [87]
DEBUG [Fri Sep 11 14:44:28 CEST 2015]:
Bundle lucee.core [87] META-INF/services/org.apache.xerces.xni.parser.XMLParserConfiguration not found by lucee.core [87]
DEBUG [Fri Sep 11 14:44:28 CEST 2015]:
Bundle lucee.core [87] META-INF/services/org.apache.xerces.xni.parser.XMLParserConfiguration not found by lucee.core [87]
DEBUG [Fri Sep 11 14:44:28 CEST 2015]:
Bundle lucee.core [87] META-INF/services/org.apache.xerces.xni.parser.XMLParserConfiguration not found by lucee.core [87]
DEBUG [Fri Sep 11 14:44:28 CEST 2015]:
WIRE: [88.0] osgi.wiring.bundle; (osgi.wiring.bundle=lucee.core) -> [87.0]
DEBUG [Fri Sep 11 14:44:33 CEST 2015]:
Bundle lucee.core [87] validation.properties not found by lucee.core [87]
DEBUG [Fri Sep 11 14:44:33 CEST 2015]:
Bundle lucee.core [87] .esapi/validation.properties not found by lucee.core [87]
DEBUG [Fri Sep 11 14:44:33 CEST 2015]:
Bundle lucee.core [87] .esapi/validation.properties not found by lucee.core [87]
DEBUG [Fri Sep 11 14:44:33 CEST 2015]:
Bundle lucee.core [87] esapi/validation.properties not found by lucee.core [87]
DEBUG [Fri Sep 11 14:44:33 CEST 2015]:
Bundle lucee.core [87] resources/validation.properties not found by lucee.core [87]
DEBUG [Fri Sep 11 14:44:33 CEST 2015]:
Bundle ESAPI [85] validation.properties not found by ESAPI [85]
DEBUG [Fri Sep 11 14:44:33 CEST 2015]:
Bundle ESAPI [85] .esapi/validation.properties not found by ESAPI [85]
DEBUG [Fri Sep 11 14:44:33 CEST 2015]:
Bundle ESAPI [85] .esapi/validation.properties not found by ESAPI [85]
DEBUG [Fri Sep 11 14:44:33 CEST 2015]:
Bundle ESAPI [85] esapi/validation.properties not found by ESAPI [85]
DEBUG [Fri Sep 11 14:44:33 CEST 2015]:
Bundle ESAPI [85] resources/validation.properties not found by ESAPI [85]
DEBUG [Fri Sep 11 14:44:33 CEST 2015]:
DYNAMIC WIRE: [85.0] osgi.wiring.package; (osgi.wiring.package=org.apache.log4j.spi) -> [69.0]
DEBUG [Fri Sep 11 14:44:33 CEST 2015]:
DYNAMIC WIRE: [85.0] osgi.wiring.package; (osgi.wiring.package=org.apache.log4j) -> [69.0]
DEBUG [Fri Sep 11 14:44:33 CEST 2015]:
DYNAMIC WIRE: [85.0] osgi.wiring.package; (osgi.wiring.package=org.apache.commons.fileupload) -> [48.0]
